2004.10.20 17:18 B E:\My Documents\programering\tkoc\webchat\webchat\img\ange.gif --> beta.tkoc.net /www/scripts/webchat/img ange.gif
2004.10.20 17:18 B E:\My Documents\programering\tkoc\webchat\webchat\img\arbre.gif --> beta.tkoc.net /www/scripts/webchat/img arbre.gif
2004.10.20 17:18 B E:\My Documents\programering\tkoc\webchat\webchat\img\argh.gif --> beta.tkoc.net /www/scripts/webchat/img argh.gif
2004.10.20 17:18 B E:\My Documents\programering\tkoc\webchat\webchat\img\ballon.gif --> beta.tkoc.net /www/scripts/webchat/img ballon.gif
2004.10.20 17:18 B E:\My Documents\programering\tkoc\webchat\webchat\img\biere.gif --> beta.tkoc.net /www/scripts/webchat/img biere.gif
2004.10.20 17:18 B E:\My Documents\programering\tkoc\webchat\webchat\img\bombe.gif --> beta.tkoc.net /www/scripts/webchat/img bombe.gif
2004.10.20 17:18 B E:\My Documents\programering\tkoc\webchat\webchat\img\bouche.gif --> beta.tkoc.net /www/scripts/webchat/img bouche.gif
2004.10.20 17:18 B E:\My Documents\programering\tkoc\webchat\webchat\img\bouqin.gif --> beta.tkoc.net /www/scripts/webchat/img bouqin.gif
2004.10.20 17:18 B E:\My Documents\programering\tkoc\webchat\webchat\img\cadeau.gif --> beta.tkoc.net /www/scripts/webchat/img cadeau.gif
2004.10.20 17:18 B E:\My Documents\programering\tkoc\webchat\webchat\img\chien.gif --> beta.tkoc.net /www/scripts/webchat/img chien.gif
2004.10.20 17:18 B E:\My Documents\programering\tkoc\webchat\webchat\img\clin-oeuil-langue.gif --> beta.tkoc.net /www/scripts/webchat/img clin-oeuil-langue.gif
2004.10.20 17:18 B E:\My Documents\programering\tkoc\webchat\webchat\img\clin-oeuil.gif --> beta.tkoc.net /www/scripts/webchat/img clin-oeuil.gif
2004.10.20 17:18 B E:\My Documents\programering\tkoc\webchat\webchat\img\coeur-brise.gif --> beta.tkoc.net /www/scripts/webchat/img coeur-brise.gif
2004.10.20 17:18 B E:\My Documents\programering\tkoc\webchat\webchat\img\coeur.gif --> beta.tkoc.net /www/scripts/webchat/img coeur.gif
2004.10.20 17:18 B E:\My Documents\programering\tkoc\webchat\webchat\img\comprends-pas.gif --> beta.tkoc.net /www/scripts/webchat/img comprends-pas.gif
2004.10.20 17:18 B E:\My Documents\programering\tkoc\webchat\webchat\img\content.gif --> beta.tkoc.net /www/scripts/webchat/img content.gif
2004.10.20 17:18 B E:\My Documents\programering\tkoc\webchat\webchat\img\cool.gif --> beta.tkoc.net /www/scripts/webchat/img cool.gif
2004.10.20 17:18 B E:\My Documents\programering\tkoc\webchat\webchat\img\diable.gif --> beta.tkoc.net /www/scripts/webchat/img diable.gif
2004.10.20 17:18 B E:\My Documents\programering\tkoc\webchat\webchat\img\dwchat.gif --> beta.tkoc.net /www/scripts/webchat/img dwchat.gif
2004.10.20 17:18 B E:\My Documents\programering\tkoc\webchat\webchat\img\enerve1.gif --> beta.tkoc.net /www/scripts/webchat/img enerve1.gif
2004.10.20 17:18 B E:\My Documents\programering\tkoc\webchat\webchat\img\enerve2.gif --> beta.tkoc.net /www/scripts/webchat/img enerve2.gif
2004.10.20 17:18 B E:\My Documents\programering\tkoc\webchat\webchat\img\femme.gif --> beta.tkoc.net /www/scripts/webchat/img femme.gif
2004.10.20 17:18 B E:\My Documents\programering\tkoc\webchat\webchat\img\fille.gif --> beta.tkoc.net /www/scripts/webchat/img fille.gif
2004.10.20 17:18 B E:\My Documents\programering\tkoc\webchat\webchat\img\fleur.gif --> beta.tkoc.net /www/scripts/webchat/img fleur.gif
2004.10.20 17:18 B E:\My Documents\programering\tkoc\webchat\webchat\img\fume.gif --> beta.tkoc.net /www/scripts/webchat/img fume.gif
2004.10.20 17:18 B E:\My Documents\programering\tkoc\webchat\webchat\img\garcon.gif --> beta.tkoc.net /www/scripts/webchat/img garcon.gif
2004.10.20 17:18 B E:\My Documents\programering\tkoc\webchat\webchat\img\grognon.gif --> beta.tkoc.net /www/scripts/webchat/img grognon.gif
2004.10.20 17:18 B E:\My Documents\programering\tkoc\webchat\webchat\img\halloween.gif --> beta.tkoc.net /www/scripts/webchat/img halloween.gif
2004.10.20 17:18 B E:\My Documents\programering\tkoc\webchat\webchat\img\hamburger.gif --> beta.tkoc.net /www/scripts/webchat/img hamburger.gif
2004.10.20 17:18 B E:\My Documents\programering\tkoc\webchat\webchat\img\homme.gif --> beta.tkoc.net /www/scripts/webchat/img homme.gif
2004.10.20 17:18 B E:\My Documents\programering\tkoc\webchat\webchat\img\langue.gif --> beta.tkoc.net /www/scripts/webchat/img langue.gif
2004.10.20 17:18 B E:\My Documents\programering\tkoc\webchat\webchat\img\lettre.gif --> beta.tkoc.net /www/scripts/webchat/img lettre.gif
2004.10.20 17:18 B E:\My Documents\programering\tkoc\webchat\webchat\img\lit.gif --> beta.tkoc.net /www/scripts/webchat/img lit.gif
2004.10.20 17:18 B E:\My Documents\programering\tkoc\webchat\webchat\img\love.gif --> beta.tkoc.net /www/scripts/webchat/img love.gif
2004.10.20 17:18 B E:\My Documents\programering\tkoc\webchat\webchat\img\lune.gif --> beta.tkoc.net /www/scripts/webchat/img lune.gif
2004.10.20 17:18 B E:\My Documents\programering\tkoc\webchat\webchat\img\mecontent.gif --> beta.tkoc.net /www/scripts/webchat/img mecontent.gif
2004.10.20 17:18 B E:\My Documents\programering\tkoc\webchat\webchat\img\newbie.gif --> beta.tkoc.net /www/scripts/webchat/img newbie.gif
2004.10.20 17:18 B E:\My Documents\programering\tkoc\webchat\webchat\img\OH-1.gif --> beta.tkoc.net /www/scripts/webchat/img OH-1.gif
2004.10.20 17:18 B E:\My Documents\programering\tkoc\webchat\webchat\img\OH-2.gif --> beta.tkoc.net /www/scripts/webchat/img OH-2.gif
2004.10.20 17:18 B E:\My Documents\programering\tkoc\webchat\webchat\img\OH-3.gif --> beta.tkoc.net /www/scripts/webchat/img OH-3.gif
2004.10.20 17:18 B E:\My Documents\programering\tkoc\webchat\webchat\img\ordi.gif --> beta.tkoc.net /www/scripts/webchat/img ordi.gif
2004.10.20 17:18 B E:\My Documents\programering\tkoc\webchat\webchat\img\pere-noel.gif --> beta.tkoc.net /www/scripts/webchat/img pere-noel.gif
2004.10.20 17:18 B E:\My Documents\programering\tkoc\webchat\webchat\img\pleure.gif --> beta.tkoc.net /www/scripts/webchat/img pleure.gif
2004.10.20 17:18 B E:\My Documents\programering\tkoc\webchat\webchat\img\poisson.gif --> beta.tkoc.net /www/scripts/webchat/img poisson.gif
2004.10.20 17:18 B E:\My Documents\programering\tkoc\webchat\webchat\img\pomme.gif --> beta.tkoc.net /www/scripts/webchat/img pomme.gif
2004.10.20 17:18 B E:\My Documents\programering\tkoc\webchat\webchat\img\portable.gif --> beta.tkoc.net /www/scripts/webchat/img portable.gif
2004.10.20 17:18 B E:\My Documents\programering\tkoc\webchat\webchat\img\pouce-non.gif --> beta.tkoc.net /www/scripts/webchat/img pouce-non.gif
2004.10.20 17:18 B E:\My Documents\programering\tkoc\webchat\webchat\img\pouce-oui.gif --> beta.tkoc.net /www/scripts/webchat/img pouce-oui.gif
2004.10.20 17:18 B E:\My Documents\programering\tkoc\webchat\webchat\img\roll-eyes.gif --> beta.tkoc.net /www/scripts/webchat/img roll-eyes.gif
2004.10.20 17:18 B E:\My Documents\programering\tkoc\webchat\webchat\img\rouge.gif --> beta.tkoc.net /www/scripts/webchat/img rouge.gif
2004.10.20 17:18 B E:\My Documents\programering\tkoc\webchat\webchat\img\sapin.gif --> beta.tkoc.net /www/scripts/webchat/img sapin.gif
2004.10.20 17:18 B E:\My Documents\programering\tkoc\webchat\webchat\img\sleep.gif --> beta.tkoc.net /www/scripts/webchat/img sleep.gif
2004.10.20 17:18 B E:\My Documents\programering\tkoc\webchat\webchat\img\soleil.gif --> beta.tkoc.net /www/scripts/webchat/img soleil.gif
2004.10.20 17:18 B E:\My Documents\programering\tkoc\webchat\webchat\img\sourire.gif --> beta.tkoc.net /www/scripts/webchat/img sourire.gif
2004.10.20 17:18 B E:\My Documents\programering\tkoc\webchat\webchat\img\terre.gif --> beta.tkoc.net /www/scripts/webchat/img terre.gif
2004.10.20 17:18 B E:\My Documents\programering\tkoc\webchat\webchat\img\Thumbs.db --> beta.tkoc.net /www/scripts/webchat/img Thumbs.db
2004.10.20 17:18 B E:\My Documents\programering\tkoc\webchat\webchat\img\triste.gif --> beta.tkoc.net /www/scripts/webchat/img triste.gif
2004.10.20 17:18 B E:\My Documents\programering\tkoc\webchat\webchat\img\verre-eau.gif --> beta.tkoc.net /www/scripts/webchat/img verre-eau.gif
2004.10.20 17:18 B E:\My Documents\programering\tkoc\webchat\webchat\img\verre-vin.gif --> beta.tkoc.net /www/scripts/webchat/img verre-vin.gif
2004.10.20 17:18 B E:\My Documents\programering\tkoc\webchat\webchat\img\yinyang.gif --> beta.tkoc.net /www/scripts/webchat/img yinyang.gif
2004.10.21 22:41 B E:\prog\ws_ftp\webchat\webchat\img\WS_FTP.LOG <-- tkoc /www/scripts/webchat/img WS_FTP.LOG
2004.10.21 22:41 B E:\prog\ws_ftp\webchat\webchat\img\yinyang.gif <-- tkoc /www/scripts/webchat/img yinyang.gif
2004.10.21 22:42 B E:\prog\ws_ftp\webchat\webchat\img\ange.gif --> fade.ringstad.no /www/scripts/webchat/img ange.gif
2004.10.21 22:42 B E:\prog\ws_ftp\webchat\webchat\img\arbre.gif --> fade.ringstad.no /www/scripts/webchat/img arbre.gif
2004.10.21 22:42 B E:\prog\ws_ftp\webchat\webchat\img\argh.gif --> fade.ringstad.no /www/scripts/webchat/img argh.gif
2004.10.21 22:42 B E:\prog\ws_ftp\webchat\webchat\img\ballon.gif --> fade.ringstad.no /www/scripts/webchat/img ballon.gif
2004.10.21 22:42 B E:\prog\ws_ftp\webchat\webchat\img\biere.gif --> fade.ringstad.no /www/scripts/webchat/img biere.gif
2004.10.21 22:42 B E:\prog\ws_ftp\webchat\webchat\img\bombe.gif --> fade.ringstad.no /www/scripts/webchat/img bombe.gif
2004.10.21 22:42 B E:\prog\ws_ftp\webchat\webchat\img\bouche.gif --> fade.ringstad.no /www/scripts/webchat/img bouche.gif
2004.10.21 22:42 B E:\prog\ws_ftp\webchat\webchat\img\bouqin.gif --> fade.ringstad.no /www/scripts/webchat/img bouqin.gif
2004.10.21 22:42 B E:\prog\ws_ftp\webchat\webchat\img\cadeau.gif --> fade.ringstad.no /www/scripts/webchat/img cadeau.gif
2004.10.21 22:42 B E:\prog\ws_ftp\webchat\webchat\img\chien.gif --> fade.ringstad.no /www/scripts/webchat/img chien.gif
2004.10.21 22:42 B E:\prog\ws_ftp\webchat\webchat\img\clin-oeuil-langue.gif --> fade.ringstad.no /www/scripts/webchat/img clin-oeuil-langue.gif
2004.10.21 22:42 B E:\prog\ws_ftp\webchat\webchat\img\clin-oeuil.gif --> fade.ringstad.no /www/scripts/webchat/img clin-oeuil.gif
2004.10.21 22:42 B E:\prog\ws_ftp\webchat\webchat\img\coeur-brise.gif --> fade.ringstad.no /www/scripts/webchat/img coeur-brise.gif
2004.10.21 22:42 B E:\prog\ws_ftp\webchat\webchat\img\coeur.gif --> fade.ringstad.no /www/scripts/webchat/img coeur.gif
2004.10.21 22:42 B E:\prog\ws_ftp\webchat\webchat\img\comprends-pas.gif --> fade.ringstad.no /www/scripts/webchat/img comprends-pas.gif
2004.10.21 22:42 B E:\prog\ws_ftp\webchat\webchat\img\content.gif --> fade.ringstad.no /www/scripts/webchat/img content.gif
2004.10.21 22:42 B E:\prog\ws_ftp\webchat\webchat\img\cool.gif --> fade.ringstad.no /www/scripts/webchat/img cool.gif
2004.10.21 22:42 B E:\prog\ws_ftp\webchat\webchat\img\diable.gif --> fade.ringstad.no /www/scripts/webchat/img diable.gif
2004.10.21 22:42 B E:\prog\ws_ftp\webchat\webchat\img\dwchat.gif --> fade.ringstad.no /www/scripts/webchat/img dwchat.gif
2004.10.21 22:42 B E:\prog\ws_ftp\webchat\webchat\img\enerve1.gif --> fade.ringstad.no /www/scripts/webchat/img enerve1.gif
2004.10.21 22:42 B E:\prog\ws_ftp\webchat\webchat\img\enerve2.gif --> fade.ringstad.no /www/scripts/webchat/img enerve2.gif
2004.10.21 22:42 B E:\prog\ws_ftp\webchat\webchat\img\femme.gif --> fade.ringstad.no /www/scripts/webchat/img femme.gif
2004.10.21 22:42 B E:\prog\ws_ftp\webchat\webchat\img\fille.gif --> fade.ringstad.no /www/scripts/webchat/img fille.gif
2004.10.21 22:42 B E:\prog\ws_ftp\webchat\webchat\img\fleur.gif --> fade.ringstad.no /www/scripts/webchat/img fleur.gif
2004.10.21 22:42 B E:\prog\ws_ftp\webchat\webchat\img\fume.gif --> fade.ringstad.no /www/scripts/webchat/img fume.gif
2004.10.21 22:42 B E:\prog\ws_ftp\webchat\webchat\img\garcon.gif --> fade.ringstad.no /www/scripts/webchat/img garcon.gif
2004.10.21 22:42 B E:\prog\ws_ftp\webchat\webchat\img\grognon.gif --> fade.ringstad.no /www/scripts/webchat/img grognon.gif
2004.10.21 22:42 B E:\prog\ws_ftp\webchat\webchat\img\halloween.gif --> fade.ringstad.no /www/scripts/webchat/img halloween.gif
2004.10.21 22:42 B E:\prog\ws_ftp\webchat\webchat\img\hamburger.gif --> fade.ringstad.no /www/scripts/webchat/img hamburger.gif
2004.10.21 22:42 B E:\prog\ws_ftp\webchat\webchat\img\homme.gif --> fade.ringstad.no /www/scripts/webchat/img homme.gif
2004.10.21 22:42 B E:\prog\ws_ftp\webchat\webchat\img\langue.gif --> fade.ringstad.no /www/scripts/webchat/img langue.gif
2004.10.21 22:42 B E:\prog\ws_ftp\webchat\webchat\img\lettre.gif --> fade.ringstad.no /www/scripts/webchat/img lettre.gif
2004.10.21 22:42 B E:\prog\ws_ftp\webchat\webchat\img\lit.gif --> fade.ringstad.no /www/scripts/webchat/img lit.gif
2004.10.21 22:42 B E:\prog\ws_ftp\webchat\webchat\img\love.gif --> fade.ringstad.no /www/scripts/webchat/img love.gif
2004.10.21 22:42 B E:\prog\ws_ftp\webchat\webchat\img\lune.gif --> fade.ringstad.no /www/scripts/webchat/img lune.gif
2004.10.21 22:42 B E:\prog\ws_ftp\webchat\webchat\img\mecontent.gif --> fade.ringstad.no /www/scripts/webchat/img mecontent.gif
2004.10.21 22:42 B E:\prog\ws_ftp\webchat\webchat\img\newbie.gif --> fade.ringstad.no /www/scripts/webchat/img newbie.gif
2004.10.21 22:42 B E:\prog\ws_ftp\webchat\webchat\img\OH-1.gif --> fade.ringstad.no /www/scripts/webchat/img OH-1.gif
2004.10.21 22:42 B E:\prog\ws_ftp\webchat\webchat\img\OH-2.gif --> fade.ringstad.no /www/scripts/webchat/img OH-2.gif
2004.10.21 22:42 B E:\prog\ws_ftp\webchat\webchat\img\OH-3.gif --> fade.ringstad.no /www/scripts/webchat/img OH-3.gif
2004.10.21 22:42 B E:\prog\ws_ftp\webchat\webchat\img\ordi.gif --> fade.ringstad.no /www/scripts/webchat/img ordi.gif
2004.10.21 22:42 B E:\prog\ws_ftp\webchat\webchat\img\pere-noel.gif --> fade.ringstad.no /www/scripts/webchat/img pere-noel.gif
2004.10.21 22:42 B E:\prog\ws_ftp\webchat\webchat\img\pleure.gif --> fade.ringstad.no /www/scripts/webchat/img pleure.gif
2004.10.21 22:42 B E:\prog\ws_ftp\webchat\webchat\img\poisson.gif --> fade.ringstad.no /www/scripts/webchat/img poisson.gif
2004.10.21 22:42 B E:\prog\ws_ftp\webchat\webchat\img\pomme.gif --> fade.ringstad.no /www/scripts/webchat/img pomme.gif
2004.10.21 22:42 B E:\prog\ws_ftp\webchat\webchat\img\portable.gif --> fade.ringstad.no /www/scripts/webchat/img portable.gif
2004.10.21 22:42 B E:\prog\ws_ftp\webchat\webchat\img\pouce-non.gif --> fade.ringstad.no /www/scripts/webchat/img pouce-non.gif
2004.10.21 22:42 B E:\prog\ws_ftp\webchat\webchat\img\pouce-oui.gif --> fade.ringstad.no /www/scripts/webchat/img pouce-oui.gif
2004.10.21 22:42 B E:\prog\ws_ftp\webchat\webchat\img\roll-eyes.gif --> fade.ringstad.no /www/scripts/webchat/img roll-eyes.gif
2004.10.21 22:42 B E:\prog\ws_ftp\webchat\webchat\img\rouge.gif --> fade.ringstad.no /www/scripts/webchat/img rouge.gif
2004.10.21 22:42 B E:\prog\ws_ftp\webchat\webchat\img\sapin.gif --> fade.ringstad.no /www/scripts/webchat/img sapin.gif
2004.10.21 22:42 B E:\prog\ws_ftp\webchat\webchat\img\sleep.gif --> fade.ringstad.no /www/scripts/webchat/img sleep.gif
2004.10.21 22:42 B E:\prog\ws_ftp\webchat\webchat\img\soleil.gif --> fade.ringstad.no /www/scripts/webchat/img soleil.gif
2004.10.21 22:42 B E:\prog\ws_ftp\webchat\webchat\img\sourire.gif --> fade.ringstad.no /www/scripts/webchat/img sourire.gif
2004.10.21 22:42 B E:\prog\ws_ftp\webchat\webchat\img\terre.gif --> fade.ringstad.no /www/scripts/webchat/img terre.gif
2004.10.21 22:43 B E:\prog\ws_ftp\webchat\webchat\img\Thumbs.db --> fade.ringstad.no /www/scripts/webchat/img Thumbs.db
2004.10.21 22:43 B E:\prog\ws_ftp\webchat\webchat\img\triste.gif --> fade.ringstad.no /www/scripts/webchat/img triste.gif
2004.10.21 22:43 B E:\prog\ws_ftp\webchat\webchat\img\verre-eau.gif --> fade.ringstad.no /www/scripts/webchat/img verre-eau.gif
2004.10.21 22:43 B E:\prog\ws_ftp\webchat\webchat\img\verre-vin.gif --> fade.ringstad.no /www/scripts/webchat/img verre-vin.gif
2004.10.21 22:43 B E:\prog\ws_ftp\webchat\webchat\img\WS_FTP.LOG --> fade.ringstad.no /www/scripts/webchat/img WS_FTP.LOG
2004.10.21 22:43 B E:\prog\ws_ftp\webchat\webchat\img\yinyang.gif --> fade.ringstad.no /www/scripts/webchat/img yinyang.gif
2004.10.23 13:29 B E:\prog\ws_ftp\webchat\webchat\img\ange.gif --> beta.tkoc.net /www/administration/webchat/img ange.gif
2004.10.23 13:29 B E:\prog\ws_ftp\webchat\webchat\img\arbre.gif --> beta.tkoc.net /www/administration/webchat/img arbre.gif
2004.10.23 13:29 B E:\prog\ws_ftp\webchat\webchat\img\argh.gif --> beta.tkoc.net /www/administration/webchat/img argh.gif
2004.10.23 13:29 B E:\prog\ws_ftp\webchat\webchat\img\ballon.gif --> beta.tkoc.net /www/administration/webchat/img ballon.gif
2004.10.23 13:29 B E:\prog\ws_ftp\webchat\webchat\img\biere.gif --> beta.tkoc.net /www/administration/webchat/img biere.gif
2004.10.23 13:29 B E:\prog\ws_ftp\webchat\webchat\img\bombe.gif --> beta.tkoc.net /www/administration/webchat/img bombe.gif
2004.10.23 13:29 B E:\prog\ws_ftp\webchat\webchat\img\bouche.gif --> beta.tkoc.net /www/administration/webchat/img bouche.gif
2004.10.23 13:29 B E:\prog\ws_ftp\webchat\webchat\img\bouqin.gif --> beta.tkoc.net /www/administration/webchat/img bouqin.gif
2004.10.23 13:29 B E:\prog\ws_ftp\webchat\webchat\img\cadeau.gif --> beta.tkoc.net /www/administration/webchat/img cadeau.gif
2004.10.23 13:29 B E:\prog\ws_ftp\webchat\webchat\img\chien.gif --> beta.tkoc.net /www/administration/webchat/img chien.gif
2004.10.23 13:29 B E:\prog\ws_ftp\webchat\webchat\img\clin-oeuil-langue.gif --> beta.tkoc.net /www/administration/webchat/img clin-oeuil-langue.gif
2004.10.23 13:29 B E:\prog\ws_ftp\webchat\webchat\img\clin-oeuil.gif --> beta.tkoc.net /www/administration/webchat/img clin-oeuil.gif
2004.10.23 13:29 B E:\prog\ws_ftp\webchat\webchat\img\coeur-brise.gif --> beta.tkoc.net /www/administration/webchat/img coeur-brise.gif
2004.10.23 13:29 B E:\prog\ws_ftp\webchat\webchat\img\coeur.gif --> beta.tkoc.net /www/administration/webchat/img coeur.gif
2004.10.23 13:29 B E:\prog\ws_ftp\webchat\webchat\img\comprends-pas.gif --> beta.tkoc.net /www/administration/webchat/img comprends-pas.gif
2004.10.23 13:29 B E:\prog\ws_ftp\webchat\webchat\img\content.gif --> beta.tkoc.net /www/administration/webchat/img content.gif
2004.10.23 13:29 B E:\prog\ws_ftp\webchat\webchat\img\cool.gif --> beta.tkoc.net /www/administration/webchat/img cool.gif
2004.10.23 13:29 B E:\prog\ws_ftp\webchat\webchat\img\diable.gif --> beta.tkoc.net /www/administration/webchat/img diable.gif
2004.10.23 13:29 B E:\prog\ws_ftp\webchat\webchat\img\dwchat.gif --> beta.tkoc.net /www/administration/webchat/img dwchat.gif
2004.10.23 13:29 B E:\prog\ws_ftp\webchat\webchat\img\enerve1.gif --> beta.tkoc.net /www/administration/webchat/img enerve1.gif
2004.10.23 13:29 B E:\prog\ws_ftp\webchat\webchat\img\enerve2.gif --> beta.tkoc.net /www/administration/webchat/img enerve2.gif
2004.10.23 13:29 B E:\prog\ws_ftp\webchat\webchat\img\femme.gif --> beta.tkoc.net /www/administration/webchat/img femme.gif
2004.10.23 13:29 B E:\prog\ws_ftp\webchat\webchat\img\fille.gif --> beta.tkoc.net /www/administration/webchat/img fille.gif
2004.10.23 13:29 B E:\prog\ws_ftp\webchat\webchat\img\fleur.gif --> beta.tkoc.net /www/administration/webchat/img fleur.gif
2004.10.23 13:29 B E:\prog\ws_ftp\webchat\webchat\img\fume.gif --> beta.tkoc.net /www/administration/webchat/img fume.gif
2004.10.23 13:29 B E:\prog\ws_ftp\webchat\webchat\img\garcon.gif --> beta.tkoc.net /www/administration/webchat/img garcon.gif
2004.10.23 13:29 B E:\prog\ws_ftp\webchat\webchat\img\grognon.gif --> beta.tkoc.net /www/administration/webchat/img grognon.gif
2004.10.23 13:29 B E:\prog\ws_ftp\webchat\webchat\img\halloween.gif --> beta.tkoc.net /www/administration/webchat/img halloween.gif
2004.10.23 13:29 B E:\prog\ws_ftp\webchat\webchat\img\hamburger.gif --> beta.tkoc.net /www/administration/webchat/img hamburger.gif
2004.10.23 13:29 B E:\prog\ws_ftp\webchat\webchat\img\homme.gif --> beta.tkoc.net /www/administration/webchat/img homme.gif
2004.10.23 13:29 B E:\prog\ws_ftp\webchat\webchat\img\langue.gif --> beta.tkoc.net /www/administration/webchat/img langue.gif
2004.10.23 13:29 B E:\prog\ws_ftp\webchat\webchat\img\lettre.gif --> beta.tkoc.net /www/administration/webchat/img lettre.gif
2004.10.23 13:29 B E:\prog\ws_ftp\webchat\webchat\img\lit.gif --> beta.tkoc.net /www/administration/webchat/img lit.gif
2004.10.23 13:29 B E:\prog\ws_ftp\webchat\webchat\img\love.gif --> beta.tkoc.net /www/administration/webchat/img love.gif
2004.10.23 13:29 B E:\prog\ws_ftp\webchat\webchat\img\lune.gif --> beta.tkoc.net /www/administration/webchat/img lune.gif
2004.10.23 13:29 B E:\prog\ws_ftp\webchat\webchat\img\mecontent.gif --> beta.tkoc.net /www/administration/webchat/img mecontent.gif
2004.10.23 13:29 B E:\prog\ws_ftp\webchat\webchat\img\newbie.gif --> beta.tkoc.net /www/administration/webchat/img newbie.gif
2004.10.23 13:29 B E:\prog\ws_ftp\webchat\webchat\img\OH-1.gif --> beta.tkoc.net /www/administration/webchat/img OH-1.gif
2004.10.23 13:29 B E:\prog\ws_ftp\webchat\webchat\img\OH-2.gif --> beta.tkoc.net /www/administration/webchat/img OH-2.gif
2004.10.23 13:29 B E:\prog\ws_ftp\webchat\webchat\img\OH-3.gif --> beta.tkoc.net /www/administration/webchat/img OH-3.gif
2004.10.23 13:29 B E:\prog\ws_ftp\webchat\webchat\img\ordi.gif --> beta.tkoc.net /www/administration/webchat/img ordi.gif
2004.10.23 13:29 B E:\prog\ws_ftp\webchat\webchat\img\pere-noel.gif --> beta.tkoc.net /www/administration/webchat/img pere-noel.gif
2004.10.23 13:29 B E:\prog\ws_ftp\webchat\webchat\img\pleure.gif --> beta.tkoc.net /www/administration/webchat/img pleure.gif
2004.10.23 13:29 B E:\prog\ws_ftp\webchat\webchat\img\poisson.gif --> beta.tkoc.net /www/administration/webchat/img poisson.gif
2004.10.23 13:29 B E:\prog\ws_ftp\webchat\webchat\img\pomme.gif --> beta.tkoc.net /www/administration/webchat/img pomme.gif
2004.10.23 13:29 B E:\prog\ws_ftp\webchat\webchat\img\portable.gif --> beta.tkoc.net /www/administration/webchat/img portable.gif
2004.10.23 13:29 B E:\prog\ws_ftp\webchat\webchat\img\pouce-non.gif --> beta.tkoc.net /www/administration/webchat/img pouce-non.gif
2004.10.23 13:29 B E:\prog\ws_ftp\webchat\webchat\img\pouce-oui.gif --> beta.tkoc.net /www/administration/webchat/img pouce-oui.gif
2004.10.23 13:29 B E:\prog\ws_ftp\webchat\webchat\img\roll-eyes.gif --> beta.tkoc.net /www/administration/webchat/img roll-eyes.gif
2004.10.23 13:29 B E:\prog\ws_ftp\webchat\webchat\img\rouge.gif --> beta.tkoc.net /www/administration/webchat/img rouge.gif
2004.10.23 13:29 B E:\prog\ws_ftp\webchat\webchat\img\sapin.gif --> beta.tkoc.net /www/administration/webchat/img sapin.gif
2004.10.23 13:29 B E:\prog\ws_ftp\webchat\webchat\img\sleep.gif --> beta.tkoc.net /www/administration/webchat/img sleep.gif
2004.10.23 13:29 B E:\prog\ws_ftp\webchat\webchat\img\soleil.gif --> beta.tkoc.net /www/administration/webchat/img soleil.gif
2004.10.23 13:29 B E:\prog\ws_ftp\webchat\webchat\img\sourire.gif --> beta.tkoc.net /www/administration/webchat/img sourire.gif
2004.10.23 13:29 B E:\prog\ws_ftp\webchat\webchat\img\terre.gif --> beta.tkoc.net /www/administration/webchat/img terre.gif
2004.10.23 13:29 B E:\prog\ws_ftp\webchat\webchat\img\Thumbs.db --> beta.tkoc.net /www/administration/webchat/img Thumbs.db
2004.10.23 13:29 B E:\prog\ws_ftp\webchat\webchat\img\triste.gif --> beta.tkoc.net /www/administration/webchat/img triste.gif
2004.10.23 13:29 B E:\prog\ws_ftp\webchat\webchat\img\verre-eau.gif --> beta.tkoc.net /www/administration/webchat/img verre-eau.gif
2004.10.23 13:29 B E:\prog\ws_ftp\webchat\webchat\img\verre-vin.gif --> beta.tkoc.net /www/administration/webchat/img verre-vin.gif
2004.10.23 13:29 B E:\prog\ws_ftp\webchat\webchat\img\WS_FTP.LOG --> beta.tkoc.net /www/administration/webchat/img WS_FTP.LOG
2004.10.23 13:29 B E:\prog\ws_ftp\webchat\webchat\img\yinyang.gif --> beta.tkoc.net /www/administration/webchat/img yinyang.gif
2004.10.23 15:55 B E:\prog\ws_ftp\webchat\webchat\img\ange.gif --> fade.ringstad.no /www/administration/webchat/img ange.gif
2004.10.23 15:55 B E:\prog\ws_ftp\webchat\webchat\img\arbre.gif --> fade.ringstad.no /www/administration/webchat/img arbre.gif
2004.10.23 15:55 B E:\prog\ws_ftp\webchat\webchat\img\argh.gif --> fade.ringstad.no /www/administration/webchat/img argh.gif
2004.10.23 15:55 B E:\prog\ws_ftp\webchat\webchat\img\ballon.gif --> fade.ringstad.no /www/administration/webchat/img ballon.gif
2004.10.23 15:55 B E:\prog\ws_ftp\webchat\webchat\img\biere.gif --> fade.ringstad.no /www/administration/webchat/img biere.gif
2004.10.23 15:55 B E:\prog\ws_ftp\webchat\webchat\img\bombe.gif --> fade.ringstad.no /www/administration/webchat/img bombe.gif
2004.10.23 15:55 B E:\prog\ws_ftp\webchat\webchat\img\bouche.gif --> fade.ringstad.no /www/administration/webchat/img bouche.gif
2004.10.23 15:55 B E:\prog\ws_ftp\webchat\webchat\img\bouqin.gif --> fade.ringstad.no /www/administration/webchat/img bouqin.gif
2004.10.23 15:55 B E:\prog\ws_ftp\webchat\webchat\img\cadeau.gif --> fade.ringstad.no /www/administration/webchat/img cadeau.gif
2004.10.23 15:55 B E:\prog\ws_ftp\webchat\webchat\img\chien.gif --> fade.ringstad.no /www/administration/webchat/img chien.gif
2004.10.23 15:55 B E:\prog\ws_ftp\webchat\webchat\img\clin-oeuil-langue.gif --> fade.ringstad.no /www/administration/webchat/img clin-oeuil-langue.gif
2004.10.23 15:55 B E:\prog\ws_ftp\webchat\webchat\img\clin-oeuil.gif --> fade.ringstad.no /www/administration/webchat/img clin-oeuil.gif
2004.10.23 15:55 B E:\prog\ws_ftp\webchat\webchat\img\coeur-brise.gif --> fade.ringstad.no /www/administration/webchat/img coeur-brise.gif
2004.10.23 15:55 B E:\prog\ws_ftp\webchat\webchat\img\coeur.gif --> fade.ringstad.no /www/administration/webchat/img coeur.gif
2004.10.23 15:55 B E:\prog\ws_ftp\webchat\webchat\img\comprends-pas.gif --> fade.ringstad.no /www/administration/webchat/img comprends-pas.gif
2004.10.23 15:55 B E:\prog\ws_ftp\webchat\webchat\img\content.gif --> fade.ringstad.no /www/administration/webchat/img content.gif
2004.10.23 15:55 B E:\prog\ws_ftp\webchat\webchat\img\cool.gif --> fade.ringstad.no /www/administration/webchat/img cool.gif
2004.10.23 15:55 B E:\prog\ws_ftp\webchat\webchat\img\diable.gif --> fade.ringstad.no /www/administration/webchat/img diable.gif
2004.10.23 15:55 B E:\prog\ws_ftp\webchat\webchat\img\dwchat.gif --> fade.ringstad.no /www/administration/webchat/img dwchat.gif
2004.10.23 15:55 B E:\prog\ws_ftp\webchat\webchat\img\enerve1.gif --> fade.ringstad.no /www/administration/webchat/img enerve1.gif
2004.10.23 15:55 B E:\prog\ws_ftp\webchat\webchat\img\enerve2.gif --> fade.ringstad.no /www/administration/webchat/img enerve2.gif
2004.10.23 15:55 B E:\prog\ws_ftp\webchat\webchat\img\femme.gif --> fade.ringstad.no /www/administration/webchat/img femme.gif
2004.10.23 15:55 B E:\prog\ws_ftp\webchat\webchat\img\fille.gif --> fade.ringstad.no /www/administration/webchat/img fille.gif
2004.10.23 15:55 B E:\prog\ws_ftp\webchat\webchat\img\fleur.gif --> fade.ringstad.no /www/administration/webchat/img fleur.gif
2004.10.23 15:55 B E:\prog\ws_ftp\webchat\webchat\img\fume.gif --> fade.ringstad.no /www/administration/webchat/img fume.gif
2004.10.23 15:55 B E:\prog\ws_ftp\webchat\webchat\img\garcon.gif --> fade.ringstad.no /www/administration/webchat/img garcon.gif
2004.10.23 15:55 B E:\prog\ws_ftp\webchat\webchat\img\grognon.gif --> fade.ringstad.no /www/administration/webchat/img grognon.gif
2004.10.23 15:55 B E:\prog\ws_ftp\webchat\webchat\img\halloween.gif --> fade.ringstad.no /www/administration/webchat/img halloween.gif
2004.10.23 15:55 B E:\prog\ws_ftp\webchat\webchat\img\hamburger.gif --> fade.ringstad.no /www/administration/webchat/img hamburger.gif
2004.10.23 15:55 B E:\prog\ws_ftp\webchat\webchat\img\homme.gif --> fade.ringstad.no /www/administration/webchat/img homme.gif
2004.10.23 15:55 B E:\prog\ws_ftp\webchat\webchat\img\langue.gif --> fade.ringstad.no /www/administration/webchat/img langue.gif
2004.10.23 15:55 B E:\prog\ws_ftp\webchat\webchat\img\lettre.gif --> fade.ringstad.no /www/administration/webchat/img lettre.gif
2004.10.23 15:55 B E:\prog\ws_ftp\webchat\webchat\img\lit.gif --> fade.ringstad.no /www/administration/webchat/img lit.gif
2004.10.23 15:55 B E:\prog\ws_ftp\webchat\webchat\img\love.gif --> fade.ringstad.no /www/administration/webchat/img love.gif
2004.10.23 15:55 B E:\prog\ws_ftp\webchat\webchat\img\lune.gif --> fade.ringstad.no /www/administration/webchat/img lune.gif
2004.10.23 15:55 B E:\prog\ws_ftp\webchat\webchat\img\mecontent.gif --> fade.ringstad.no /www/administration/webchat/img mecontent.gif
2004.10.23 15:55 B E:\prog\ws_ftp\webchat\webchat\img\newbie.gif --> fade.ringstad.no /www/administration/webchat/img newbie.gif
2004.10.23 15:55 B E:\prog\ws_ftp\webchat\webchat\img\OH-1.gif --> fade.ringstad.no /www/administration/webchat/img OH-1.gif
2004.10.23 15:55 B E:\prog\ws_ftp\webchat\webchat\img\OH-2.gif --> fade.ringstad.no /www/administration/webchat/img OH-2.gif
2004.10.23 15:55 B E:\prog\ws_ftp\webchat\webchat\img\OH-3.gif --> fade.ringstad.no /www/administration/webchat/img OH-3.gif
2004.10.23 15:55 B E:\prog\ws_ftp\webchat\webchat\img\ordi.gif --> fade.ringstad.no /www/administration/webchat/img ordi.gif
2004.10.23 15:55 B E:\prog\ws_ftp\webchat\webchat\img\pere-noel.gif --> fade.ringstad.no /www/administration/webchat/img pere-noel.gif
2004.10.23 15:55 B E:\prog\ws_ftp\webchat\webchat\img\pleure.gif --> fade.ringstad.no /www/administration/webchat/img pleure.gif
2004.10.23 15:55 B E:\prog\ws_ftp\webchat\webchat\img\poisson.gif --> fade.ringstad.no /www/administration/webchat/img poisson.gif
2004.10.23 15:55 B E:\prog\ws_ftp\webchat\webchat\img\pomme.gif --> fade.ringstad.no /www/administration/webchat/img pomme.gif
2004.10.23 15:55 B E:\prog\ws_ftp\webchat\webchat\img\portable.gif --> fade.ringstad.no /www/administration/webchat/img portable.gif
2004.10.23 15:55 B E:\prog\ws_ftp\webchat\webchat\img\pouce-non.gif --> fade.ringstad.no /www/administration/webchat/img pouce-non.gif
2004.10.23 15:55 B E:\prog\ws_ftp\webchat\webchat\img\pouce-oui.gif --> fade.ringstad.no /www/administration/webchat/img pouce-oui.gif
2004.10.23 15:55 B E:\prog\ws_ftp\webchat\webchat\img\roll-eyes.gif --> fade.ringstad.no /www/administration/webchat/img roll-eyes.gif
2004.10.23 15:55 B E:\prog\ws_ftp\webchat\webchat\img\rouge.gif --> fade.ringstad.no /www/administration/webchat/img rouge.gif
2004.10.23 15:55 B E:\prog\ws_ftp\webchat\webchat\img\sapin.gif --> fade.ringstad.no /www/administration/webchat/img sapin.gif
2004.10.23 15:55 B E:\prog\ws_ftp\webchat\webchat\img\sleep.gif --> fade.ringstad.no /www/administration/webchat/img sleep.gif
2004.10.23 15:55 B E:\prog\ws_ftp\webchat\webchat\img\soleil.gif --> fade.ringstad.no /www/administration/webchat/img soleil.gif
2004.10.23 15:55 B E:\prog\ws_ftp\webchat\webchat\img\sourire.gif --> fade.ringstad.no /www/administration/webchat/img sourire.gif
2004.10.23 15:55 B E:\prog\ws_ftp\webchat\webchat\img\terre.gif --> fade.ringstad.no /www/administration/webchat/img terre.gif
2004.10.23 15:55 B E:\prog\ws_ftp\webchat\webchat\img\Thumbs.db --> fade.ringstad.no /www/administration/webchat/img Thumbs.db
2004.10.23 15:55 B E:\prog\ws_ftp\webchat\webchat\img\triste.gif --> fade.ringstad.no /www/administration/webchat/img triste.gif
2004.10.23 15:55 B E:\prog\ws_ftp\webchat\webchat\img\verre-eau.gif --> fade.ringstad.no /www/administration/webchat/img verre-eau.gif
2004.10.23 15:55 B E:\prog\ws_ftp\webchat\webchat\img\verre-vin.gif --> fade.ringstad.no /www/administration/webchat/img verre-vin.gif
