
Not running.(Pause:29)
Not running.(Pause:28)
Not running.(Pause:27)
Not running.(Pause:26)
Not running.(Pause:25)
Not running.(Pause:24)
Not running.(Pause:23)
Not running.(Pause:22)
Not running.(Pause:21)
Not running.(Pause:20)
Not running.(Pause:19)
Not running.(Pause:18)
Not running.(Pause:17)
Not running.(Pause:16)
Not running.(Pause:15)
Not running.(Pause:14)
Not running.(Pause:13)
Not running.(Pause:12)
Not running.(Pause:11)
Not running.(Pause:10)
Not running.(Pause:9)
Not running.(Pause:8)
Not running.(Pause:7)
Not running.(Pause:6)
Not running.(Pause:5)
Not running.(Pause:4)
Not running.(Pause:3)
Not running.(Pause:2)
Not running.(Pause:1)
GAME AUTOMATICALLY STARTED!!!!.
Total age length: 1500 hours
Not running.(Pause:0)
tick: 1
   Script execution time: 1.66971516609
   STATISTICS
       Number of queries   : 210
       Number of fetches   : 276
       Provinces           : 31
   END
tick: 2
   Script execution time: 1.00932192802
   STATISTICS
       Number of queries   : 209
       Number of fetches   : 275
       Provinces           : 31
   END
tick: 3
   Script execution time: 0.741650819778
   STATISTICS
       Number of queries   : 205
       Number of fetches   : 271
       Provinces           : 31
   END
tick: 4
   Script execution time: 1.70957684517
   STATISTICS
       Number of queries   : 204
       Number of fetches   : 273
       Provinces           : 32
   END
tick: 1498
   Script execution time: 1.06883907318
   STATISTICS
       Number of queries   : 204
       Number of fetches   : 275
       Provinces           : 34
   END
tick: 1498
   Script execution time: 1.04130411148
   STATISTICS
       Number of queries   : 204
       Number of fetches   : 283
       Provinces           : 38
   END
tick: 1499
   Script execution time: 0.731600046158
   STATISTICS
       Number of queries   : 238
       Number of fetches   : 283
       Provinces           : 38
   END
tick: 1500
   Script execution time: 0.774808883667
   STATISTICS
       Number of queries   : 202
       Number of fetches   : 280
       Provinces           : 38
   END
tick: 1501
   Script execution time: 1.00033593178
   STATISTICS
       Number of queries   : 203
       Number of fetches   : 282
       Provinces           : 39
   END

Game is going from Ended TO Pause

Sending Email to users...
DONE (1 messages sent!)
Resetting game data
Not running.(Pause:21)
Not running.(Ended:20)
Not running.(Ended:19)
Not running.(Ended:18)
Not running.(Pause:17)
Not running.(Ended:16)
Not running.(Ended:15)
Not running.(Ended:14)
Not running.(Ended:13)
Not running.(Ended:12)
Not running.(Ended:11)
Not running.(Ended:10)
Not running.(Ended:9)
Not running.(Ended:8)
Not running.(Ended:7)
Not running.(Ended:6)
Not running.(Ended:2)
Not running.(Ended:1)

Game is going from Ended TO Pause

Sending Email to users...
DONE (1 messages sent!)
Resetting game data
Not running.(Pause:96)
Not running.(Pause:29)
Not running.(Pause:28)
Not running.(Pause:27)
Not running.(Pause:26)
Not running.(Pause:25)
Not running.(Pause:24)
Not running.(Pause:9)
Not running.(Pause:8)
Not running.(Pause:7)
Not running.(Pause:6)
Not running.(Pause:5)
Not running.(Pause:4)
Not running.(Pause:3)
Not running.(Pause:2)
Not running.(Pause:1)
GAME AUTOMATICALLY STARTED!!!!.
Total age length: 1500 hours
Not running.(Pause:0)
tick: 1
   Script execution time: 0.767461061478
   STATISTICS
       Number of queries   : 191
       Number of fetches   : 235
       Provinces           : 24
   END
tick: 2
   Script execution time: 0.726076841354
   STATISTICS
       Number of queries   : 191
       Number of fetches   : 236
       Provinces           : 25
   END
tick: 3
   Script execution time: 0.677887916565
   STATISTICS
       Number of queries   : 191
       Number of fetches   : 245
       Provinces           : 28
   END
tick: 4
   Script execution time: 0.662880182266
   STATISTICS
       Number of queries   : 191
       Number of fetches   : 250
       Provinces           : 31
   END
tick: 5
   Script execution time: 1.02686095238
   STATISTICS
       Number of queries   : 191
       Number of fetches   : 251
       Provinces           : 32
   END
tick: 6
   Script execution time: 0.737819910049
   STATISTICS
       Number of queries   : 191
       Number of fetches   : 254
       Provinces           : 33
   END
tick: 7
   Script execution time: 0.87225484848
   STATISTICS
       Number of queries   : 201
       Number of fetches   : 261
       Provinces           : 34
   END
tick: 8
   Script execution time: 0.743698120117
   STATISTICS
       Number of queries   : 191
       Number of fetches   : 255
       Provinces           : 35
   END
tick: 9
   Script execution time: 1.0287630558
   STATISTICS
       Number of queries   : 191
       Number of fetches   : 256
       Provinces           : 36
   END
tick: 10
   Script execution time: 1.25563192368
   STATISTICS
       Number of queries   : 191
       Number of fetches   : 257
       Provinces           : 37
   END
tick: 11
   Script execution time: 1.68120002747
   STATISTICS
       Number of queries   : 191
       Number of fetches   : 257
       Provinces           : 37
   END
tick: 12
   Script execution time: 1.46963119507
   STATISTICS
       Number of queries   : 191
       Number of fetches   : 258
       Provinces           : 38
   END
tick: 13
   Script execution time: 0.869607210159
   STATISTICS
       Number of queries   : 191
       Number of fetches   : 258
       Provinces           : 38
   END
tick: 14
   Script execution time: 0.865240097046
   STATISTICS
       Number of queries   : 191
       Number of fetches   : 258
       Provinces           : 38
   END
tick: 15
   Script execution time: 2.1537899971
   STATISTICS
       Number of queries   : 192
       Number of fetches   : 256
       Provinces           : 37
   END
tick: 16
   Script execution time: 0.992700815201
   STATISTICS
       Number of queries   : 191
       Number of fetches   : 257
       Provinces           : 38
   END
tick: 17
   Script execution time: 0.793102025986
   STATISTICS
       Number of queries   : 191
       Number of fetches   : 257
       Provinces           : 38
   END
tick: 18
   Script execution time: 0.994671821594
   STATISTICS
       Number of queries   : 191
       Number of fetches   : 257
       Provinces           : 38
   END
tick: 19
   Script execution time: 1.33405208588
   STATISTICS
       Number of queries   : 191
       Number of fetches   : 257
       Provinces           : 38
   END
tick: 20
   Script execution time: 0.739588975906
   STATISTICS
       Number of queries   : 191
       Number of fetches   : 257
       Provinces           : 38
   END
tick: 21
   Script execution time: 1.10590815544
   STATISTICS
       Number of queries   : 191
       Number of fetches   : 257
       Provinces           : 38
   END
tick: 22
   Script execution time: 1.09473013878
   STATISTICS
       Number of queries   : 191
       Number of fetches   : 259
       Provinces           : 40
   END
tick: 23
   Script execution time: 0.886389970779
   STATISTICS
       Number of queries   : 191
       Number of fetches   : 259
       Provinces           : 40
   END
tick: 24
   Script execution time: 1.28606414795
   STATISTICS
       Number of queries   : 195
       Number of fetches   : 259
       Provinces           : 40
   END
tick: 25
   Script execution time: 0.8547270298
   STATISTICS
       Number of queries   : 191
       Number of fetches   : 259
       Provinces           : 40
   END
tick: 26
   Script execution time: 0.737805128098
   STATISTICS
       Number of queries   : 191
       Number of fetches   : 259
       Provinces           : 40
   END
tick: 27
   Script execution time: 0.931921005249
   STATISTICS
       Number of queries   : 191
       Number of fetches   : 259
       Provinces           : 40
   END
tick: 28
   Script execution time: 0.731345891953
   STATISTICS
       Number of queries   : 191
       Number of fetches   : 259
       Provinces           : 40
   END
tick: 29
   Script execution time: 0.824674844742
   STATISTICS
       Number of queries   : 191
       Number of fetches   : 259
       Provinces           : 40
   END
tick: 30
   Script execution time: 1.08926510811
   STATISTICS
       Number of queries   : 191
       Number of fetches   : 259
       Provinces           : 40
   END
tick: 31
   Script execution time: 0.816112995148
   STATISTICS
       Number of queries   : 191
       Number of fetches   : 259
       Provinces           : 40
   END
tick: 32
   Script execution time: 0.920938014984
   STATISTICS
       Number of queries   : 191
       Number of fetches   : 259
       Provinces           : 40
   END
tick: 33
   Script execution time: 0.814811944962
   STATISTICS
       Number of queries   : 191
       Number of fetches   : 259
       Provinces           : 40
   END
tick: 34
   Script execution time: 0.724347114563
   STATISTICS
       Number of queries   : 191
       Number of fetches   : 259
       Provinces           : 40
   END
tick: 35
   Script execution time: 0.721524953842
   STATISTICS
       Number of queries   : 191
       Number of fetches   : 259
       Provinces           : 40
   END
tick: 36
   Script execution time: 0.919590950012
   STATISTICS
       Number of queries   : 191
       Number of fetches   : 259
       Provinces           : 40
   END
tick: 37
   Script execution time: 0.720987081528
   STATISTICS
       Number of queries   : 191
       Number of fetches   : 259
       Provinces           : 40
   END
tick: 38
   Script execution time: 1.09597802162
   STATISTICS
       Number of queries   : 191
       Number of fetches   : 259
       Provinces           : 40
   END
tick: 39
   Script execution time: 1.11960697174
   STATISTICS
       Number of queries   : 192
       Number of fetches   : 260
       Provinces           : 41
   END
tick: 40
   Script execution time: 0.71536898613
   STATISTICS
       Number of queries   : 191
       Number of fetches   : 260
       Provinces           : 41
   END
tick: 41
   Script execution time: 1.08508491516
   STATISTICS
       Number of queries   : 191
       Number of fetches   : 260
       Provinces           : 41
   END
tick: 42
   Script execution time: 0.972337007523
   STATISTICS
       Number of queries   : 191
       Number of fetches   : 260
       Provinces           : 41
   END
tick: 43
   Script execution time: 0.726603984833
   STATISTICS
       Number of queries   : 191
       Number of fetches   : 260
       Provinces           : 41
   END
tick: 44
   Script execution time: 0.757206916809
   STATISTICS
       Number of queries   : 191
       Number of fetches   : 260
       Provinces           : 41
   END
tick: 45
   Script execution time: 0.814608097076
   STATISTICS
       Number of queries   : 191
       Number of fetches   : 260
       Provinces           : 41
   END
tick: 46
   Script execution time: 0.820804834366
   STATISTICS
       Number of queries   : 191
       Number of fetches   : 260
       Provinces           : 41
   END
tick: 47
   Script execution time: 0.742433071136
   STATISTICS
       Number of queries   : 191
       Number of fetches   : 260
       Provinces           : 41
   END
tick: 48
   Script execution time: 1.24684596062
   STATISTICS
       Number of queries   : 195
       Number of fetches   : 260
       Provinces           : 41
   END
tick: 49
   Script execution time: 0.716253995895
   STATISTICS
       Number of queries   : 191
       Number of fetches   : 260
       Provinces           : 41
   END
tick: 50
   Script execution time: 0.727555990219
   STATISTICS
       Number of queries   : 191
       Number of fetches   : 260
       Provinces           : 41
   END
tick: 51
   Script execution time: 0.870301008224
   STATISTICS
       Number of queries   : 188
       Number of fetches   : 262
       Provinces           : 41
   END
tick: 52
   Script execution time: 0.694185972214
   STATISTICS
       Number of queries   : 191
       Number of fetches   : 260
       Provinces           : 41
   END
tick: 53
   Script execution time: 1.32514119148
   STATISTICS
       Number of queries   : 191
       Number of fetches   : 260
       Provinces           : 41
   END
tick: 54
   Script execution time: 1.16148114204
   STATISTICS
       Number of queries   : 188
       Number of fetches   : 262
       Provinces           : 41
   END
tick: 55
   Script execution time: 1.44125699997
   STATISTICS
       Number of queries   : 188
       Number of fetches   : 262
       Provinces           : 41
   END
tick: 56
   Script execution time: 1.26132512093
   STATISTICS
       Number of queries   : 188
       Number of fetches   : 262
       Provinces           : 41
   END
tick: 57
   Script execution time: 1.20960378647
   STATISTICS
       Number of queries   : 191
       Number of fetches   : 260
       Provinces           : 41
   END
tick: 58
   Script execution time: 0.784063100815
   STATISTICS
       Number of queries   : 188
       Number of fetches   : 262
       Provinces           : 41
   END
tick: 59
   Script execution time: 1.05842900276
   STATISTICS
       Number of queries   : 188
       Number of fetches   : 262
       Provinces           : 41
   END
tick: 60
   Script execution time: 1.11394786835
   STATISTICS
       Number of queries   : 191
       Number of fetches   : 260
       Provinces           : 41
   END
tick: 61
   Script execution time: 1.00841903687
   STATISTICS
       Number of queries   : 188
       Number of fetches   : 265
       Provinces           : 42
   END
tick: 62
   Script execution time: 0.953190088272
   STATISTICS
       Number of queries   : 191
       Number of fetches   : 262
       Provinces           : 42
   END
tick: 63
   Script execution time: 0.884258031845
   STATISTICS
       Number of queries   : 191
       Number of fetches   : 262
       Provinces           : 42
   END
tick: 64
   Script execution time: 0.846950054169
   STATISTICS
       Number of queries   : 191
       Number of fetches   : 262
       Provinces           : 42
   END
tick: 65
   Script execution time: 0.853886842728
   STATISTICS
       Number of queries   : 191
       Number of fetches   : 262
       Provinces           : 42
   END
tick: 66
   Script execution time: 1.23972010612
   STATISTICS
       Number of queries   : 188
       Number of fetches   : 265
       Provinces           : 43
   END
tick: 67
   Script execution time: 1.00857591629
   STATISTICS
       Number of queries   : 188
       Number of fetches   : 268
       Provinces           : 44
   END
tick: 68
   Script execution time: 0.757964849472
   STATISTICS
       Number of queries   : 189
       Number of fetches   : 265
       Provinces           : 43
   END
tick: 69
   Script execution time: 0.947726011276
   STATISTICS
       Number of queries   : 188
       Number of fetches   : 269
       Provinces           : 44
   END
tick: 70
   Script execution time: 0.953814029694
   STATISTICS
       Number of queries   : 188
       Number of fetches   : 271
       Provinces           : 45
   END
tick: 71
   Script execution time: 1.37986302376
   STATISTICS
       Number of queries   : 191
       Number of fetches   : 268
       Provinces           : 45
   END
tick: 72
   Script execution time: 1.34844708443
   STATISTICS
       Number of queries   : 205
       Number of fetches   : 274
       Provinces           : 45
   END
tick: 73
   Script execution time: 1.15298604965
   STATISTICS
       Number of queries   : 188
       Number of fetches   : 269
       Provinces           : 45
   END
tick: 74
   Script execution time: 1.11428713799
   STATISTICS
       Number of queries   : 191
       Number of fetches   : 267
       Provinces           : 45
   END
tick: 75
   Script execution time: 1.22010779381
   STATISTICS
       Number of queries   : 191
       Number of fetches   : 267
       Provinces           : 45
   END
tick: 76
   Script execution time: 1.07565903664
   STATISTICS
       Number of queries   : 188
       Number of fetches   : 269
       Provinces           : 45
   END
tick: 77
   Script execution time: 1.7582449913
   STATISTICS
       Number of queries   : 198
       Number of fetches   : 275
       Provinces           : 45
   END
tick: 78
   Script execution time: 1.02724695206
   STATISTICS
       Number of queries   : 198
       Number of fetches   : 274
       Provinces           : 45
   END
tick: 79
   Script execution time: 0.877340078354
   STATISTICS
       Number of queries   : 188
       Number of fetches   : 267
       Provinces           : 45
   END
tick: 80
   Script execution time: 1.24580812454
   STATISTICS
       Number of queries   : 188
       Number of fetches   : 268
       Provinces           : 45
   END
tick: 81
   Script execution time: 1.68327307701
   STATISTICS
       Number of queries   : 188
       Number of fetches   : 268
       Provinces           : 45
   END
tick: 82
   Script execution time: 0.828516960144
   STATISTICS
       Number of queries   : 188
       Number of fetches   : 267
       Provinces           : 45
   END
tick: 83
   Script execution time: 1.05957102776
   STATISTICS
       Number of queries   : 191
       Number of fetches   : 265
       Provinces           : 45
   END
1 Provinces treated for overpopulation (0 real)

tick: 84
   Script execution time: 1.62897706032
   STATISTICS
       Number of queries   : 247
       Number of fetches   : 532
       Provinces           : 46
   END
1 Provinces treated for overpopulation (0 real)

tick: 85
   Script execution time: 1.24379897118
   STATISTICS
       Number of queries   : 237
       Number of fetches   : 527
       Provinces           : 46
   END
1 Provinces treated for overpopulation (0 real)

tick: 86
   Script execution time: 1.12052702904
   STATISTICS
       Number of queries   : 237
       Number of fetches   : 526
       Provinces           : 46
   END
1 Provinces treated for overpopulation (0 real)

tick: 87
   Script execution time: 0.936954021454
   STATISTICS
       Number of queries   : 237
       Number of fetches   : 526
       Provinces           : 46
   END
1 Provinces treated for overpopulation (0 real)

tick: 88
   Script execution time: 1.09772801399
   STATISTICS
       Number of queries   : 237
       Number of fetches   : 525
       Provinces           : 46
   END
1 Provinces treated for overpopulation (0 real)

tick: 89
   Script execution time: 1.26379919052
   STATISTICS
       Number of queries   : 237
       Number of fetches   : 525
       Provinces           : 46
   END
1 Provinces treated for overpopulation (0 real)

tick: 90
   Script execution time: 1.15180397034
   STATISTICS
       Number of queries   : 237
       Number of fetches   : 525
       Provinces           : 46
   END
1 Provinces treated for overpopulation (0 real)

tick: 91
   Script execution time: 1.1865530014
   STATISTICS
       Number of queries   : 237
       Number of fetches   : 525
       Provinces           : 46
   END
1 Provinces treated for overpopulation (0 real)

tick: 92
   Script execution time: 1.3113489151
   STATISTICS
       Number of queries   : 237
       Number of fetches   : 525
       Provinces           : 46
   END
1 Provinces treated for overpopulation (0 real)

tick: 93
   Script execution time: 1.5181248188
   STATISTICS
       Number of queries   : 237
       Number of fetches   : 525
       Provinces           : 46
   END
1 Provinces treated for overpopulation (0 real)

tick: 94
   Script execution time: 1.67872190475
   STATISTICS
       Number of queries   : 237
       Number of fetches   : 525
       Provinces           : 46
   END
1 Provinces treated for overpopulation (0 real)

tick: 95
   Script execution time: 0.970754146576
   STATISTICS
       Number of queries   : 237
       Number of fetches   : 525
       Provinces           : 46
   END
1 Provinces treated for overpopulation (0 real)

tick: 96
   Script execution time: 1.17212581635
   STATISTICS
       Number of queries   : 241
       Number of fetches   : 525
       Provinces           : 46
   END
1 Provinces treated for overpopulation (0 real)

tick: 97
   Script execution time: 1.35854697227
   STATISTICS
       Number of queries   : 237
       Number of fetches   : 525
       Provinces           : 46
   END
1 Provinces treated for overpopulation (0 real)

tick: 98
   Script execution time: 1.55872011185
   STATISTICS
       Number of queries   : 237
       Number of fetches   : 525
       Provinces           : 46
   END
2 Provinces treated for overpopulation (1 real)

tick: 99
   Script execution time: 1.60134887695
   STATISTICS
       Number of queries   : 286
       Number of fetches   : 743
       Provinces           : 46
   END
2 Provinces treated for overpopulation (1 real)

tick: 100
   Script execution time: 0.963921070099
   STATISTICS
       Number of queries   : 286
       Number of fetches   : 744
       Provinces           : 46
   END
2 Provinces treated for overpopulation (1 real)

tick: 101
   Script execution time: 0.986622095108
   STATISTICS
       Number of queries   : 286
       Number of fetches   : 746
       Provinces           : 47
   END
2 Provinces treated for overpopulation (1 real)

tick: 102
   Script execution time: 1.02496886253
   STATISTICS
       Number of queries   : 286
       Number of fetches   : 747
       Provinces           : 47
   END
2 Provinces treated for overpopulation (1 real)

tick: 103
   Script execution time: 1.56579494476
   STATISTICS
       Number of queries   : 286
       Number of fetches   : 745
       Provinces           : 47
   END
2 Provinces treated for overpopulation (1 real)

tick: 104
   Script execution time: 1.00265312195
   STATISTICS
       Number of queries   : 286
       Number of fetches   : 745
       Provinces           : 47
   END
2 Provinces treated for overpopulation (1 real)

tick: 105
   Script execution time: 1.01845908165
   STATISTICS
       Number of queries   : 286
       Number of fetches   : 745
       Provinces           : 47
   END
2 Provinces treated for overpopulation (1 real)

tick: 106
   Script execution time: 1.64031887054
   STATISTICS
       Number of queries   : 286
       Number of fetches   : 745
       Provinces           : 47
   END
2 Provinces treated for overpopulation (1 real)

tick: 107
   Script execution time: 1.23565888405
   STATISTICS
       Number of queries   : 286
       Number of fetches   : 745
       Provinces           : 47
   END
1 Provinces treated for overpopulation (0 real)

tick: 108
   Script execution time: 1.0808570385
   STATISTICS
       Number of queries   : 237
       Number of fetches   : 527
       Provinces           : 47
   END
1 Provinces treated for overpopulation (0 real)

tick: 109
   Script execution time: 1.32343697548
   STATISTICS
       Number of queries   : 237
       Number of fetches   : 528
       Provinces           : 47
   END
1 Provinces treated for overpopulation (0 real)

tick: 110
   Script execution time: 1.04605197906
   STATISTICS
       Number of queries   : 237
       Number of fetches   : 529
       Provinces           : 48
   END
1 Provinces treated for overpopulation (0 real)

tick: 111
   Script execution time: 1.03928303719
   STATISTICS
       Number of queries   : 237
       Number of fetches   : 529
       Provinces           : 48
   END
2 Provinces treated for overpopulation (1 real)

tick: 112
   Script execution time: 2.79139685631
   STATISTICS
       Number of queries   : 286
       Number of fetches   : 747
       Provinces           : 48
   END
2 Provinces treated for overpopulation (1 real)

tick: 113
   Script execution time: 1.1089630127
   STATISTICS
       Number of queries   : 286
       Number of fetches   : 750
       Provinces           : 49
   END
2 Provinces treated for overpopulation (1 real)

tick: 114
   Script execution time: 1.06818914413
   STATISTICS
       Number of queries   : 286
       Number of fetches   : 751
       Provinces           : 49
   END
3 Provinces treated for overpopulation (2 real)

tick: 115
   Script execution time: 1.46101593971
   STATISTICS
       Number of queries   : 345
       Number of fetches   : 978
       Provinces           : 50
   END
2 Provinces treated for overpopulation (1 real)

tick: 116
   Script execution time: 1.03167700768
   STATISTICS
       Number of queries   : 286
       Number of fetches   : 751
       Provinces           : 50
   END
2 Provinces treated for overpopulation (1 real)

tick: 117
   Script execution time: 1.1242120266
   STATISTICS
       Number of queries   : 286
       Number of fetches   : 751
       Provinces           : 50
   END
3 Provinces treated for overpopulation (2 real)

tick: 118
   Script execution time: 1.78823709488
   STATISTICS
       Number of queries   : 335
       Number of fetches   : 964
       Provinces           : 51
   END
3 Provinces treated for overpopulation (2 real)

tick: 119
   Script execution time: 1.12620186806
   STATISTICS
       Number of queries   : 335
       Number of fetches   : 964
       Provinces           : 51
   END
3 Provinces treated for overpopulation (2 real)

tick: 120
   Script execution time: 1.43223810196
   STATISTICS
       Number of queries   : 339
       Number of fetches   : 964
       Provinces           : 51
   END
3 Provinces treated for overpopulation (2 real)

tick: 121
   Script execution time: 1.27938890457
   STATISTICS
       Number of queries   : 337
       Number of fetches   : 968
       Provinces           : 51
   END
2 Provinces treated for overpopulation (1 real)

tick: 122
   Script execution time: 1.00537610054
   STATISTICS
       Number of queries   : 290
       Number of fetches   : 753
       Provinces           : 51
   END
5 Provinces treated for overpopulation (4 real)

tick: 123
   Script execution time: 1.2363948822
   STATISTICS
       Number of queries   : 437
       Number of fetches   : 1390
       Provinces           : 51
   END
3 Provinces treated for overpopulation (2 real)

tick: 124
   Script execution time: 1.83046197891
   STATISTICS
       Number of queries   : 339
       Number of fetches   : 954
       Provinces           : 51
   END
3 Provinces treated for overpopulation (2 real)

tick: 125
   Script execution time: 1.07725000381
   STATISTICS
       Number of queries   : 339
       Number of fetches   : 956
       Provinces           : 51
   END
3 Provinces treated for overpopulation (2 real)

tick: 126
   Script execution time: 1.09188199043
   STATISTICS
       Number of queries   : 339
       Number of fetches   : 961
       Provinces           : 51
   END
4 Provinces treated for overpopulation (3 real)

tick: 127
   Script execution time: 1.29963088036
   STATISTICS
       Number of queries   : 388
       Number of fetches   : 1171
       Provinces           : 51
   END
5 Provinces treated for overpopulation (4 real)

tick: 128
   Script execution time: 1.12901687622
   STATISTICS
       Number of queries   : 437
       Number of fetches   : 1389
       Provinces           : 51
   END
4 Provinces treated for overpopulation (3 real)

tick: 129
   Script execution time: 1.25852584839
   STATISTICS
       Number of queries   : 388
       Number of fetches   : 1172
       Provinces           : 51
   END
5 Provinces treated for overpopulation (4 real)

tick: 130
   Script execution time: 1.20552992821
   STATISTICS
       Number of queries   : 437
       Number of fetches   : 1390
       Provinces           : 51
   END
5 Provinces treated for overpopulation (4 real)

tick: 131
   Script execution time: 1.44046211243
   STATISTICS
       Number of queries   : 437
       Number of fetches   : 1389
       Provinces           : 51
   END
4 Provinces treated for overpopulation (3 real)

tick: 132
   Script execution time: 1.3452539444
   STATISTICS
       Number of queries   : 388
       Number of fetches   : 1188
       Provinces           : 51
   END
4 Provinces treated for overpopulation (3 real)

tick: 133
   Script execution time: 1.15802884102
   STATISTICS
       Number of queries   : 388
       Number of fetches   : 1182
       Provinces           : 51
   END
2 Provinces treated for overpopulation (1 real)

tick: 134
   Script execution time: 1.07769298553
   STATISTICS
       Number of queries   : 288
       Number of fetches   : 751
       Provinces           : 51
   END
2 Provinces treated for overpopulation (1 real)

tick: 135
   Script execution time: 1.16634106636
   STATISTICS
       Number of queries   : 288
       Number of fetches   : 757
       Provinces           : 51
   END
3 Provinces treated for overpopulation (2 real)

tick: 136
   Script execution time: 1.66590380669
   STATISTICS
       Number of queries   : 337
       Number of fetches   : 967
       Provinces           : 51
   END
2 Provinces treated for overpopulation (1 real)

tick: 137
   Script execution time: 1.17126893997
   STATISTICS
       Number of queries   : 288
       Number of fetches   : 740
       Provinces           : 51
   END
1 Provinces treated for overpopulation (0 real)

tick: 138
   Script execution time: 0.981527090073
   STATISTICS
       Number of queries   : 239
       Number of fetches   : 539
       Provinces           : 51
   END
3 Provinces treated for overpopulation (2 real)

tick: 139
   Script execution time: 1.44692397118
   STATISTICS
       Number of queries   : 337
       Number of fetches   : 961
       Provinces           : 52
   END
2 Provinces treated for overpopulation (1 real)

tick: 140
   Script execution time: 1.63750910759
   STATISTICS
       Number of queries   : 288
       Number of fetches   : 761
       Provinces           : 52
   END
4 Provinces treated for overpopulation (3 real)

tick: 141
   Script execution time: 1.13780999184
   STATISTICS
       Number of queries   : 386
       Number of fetches   : 1194
       Provinces           : 53
   END
3 Provinces treated for overpopulation (2 real)

tick: 142
   Script execution time: 1.21233201027
   STATISTICS
       Number of queries   : 339
       Number of fetches   : 962
       Provinces           : 54
   END
5 Provinces treated for overpopulation (4 real)

tick: 143
   Script execution time: 1.16382312775
   STATISTICS
       Number of queries   : 437
       Number of fetches   : 1409
       Provinces           : 54
   END
5 Provinces treated for overpopulation (4 real)

tick: 144
   Script execution time: 1.82273578644
   STATISTICS
       Number of queries   : 441
       Number of fetches   : 1407
       Provinces           : 54
   END
3 Provinces treated for overpopulation (2 real)

tick: 145
   Script execution time: 1.37878108025
   STATISTICS
       Number of queries   : 339
       Number of fetches   : 953
       Provinces           : 54
   END
2 Provinces treated for overpopulation (1 real)

tick: 146
   Script execution time: 1.04260396957
   STATISTICS
       Number of queries   : 290
       Number of fetches   : 754
       Provinces           : 55
   END
3 Provinces treated for overpopulation (2 real)

tick: 147
   Script execution time: 1.41233110428
   STATISTICS
       Number of queries   : 339
       Number of fetches   : 972
       Provinces           : 55
   END
4 Provinces treated for overpopulation (3 real)

tick: 148
   Script execution time: 1.62241196632
   STATISTICS
       Number of queries   : 388
       Number of fetches   : 1174
       Provinces           : 55
   END
2 Provinces treated for overpopulation (1 real)

tick: 149
   Script execution time: 1.20078206062
   STATISTICS
       Number of queries   : 290
       Number of fetches   : 756
       Provinces           : 55
   END
5 Provinces treated for overpopulation (4 real)

tick: 150
   Script execution time: 1.18438887596
   STATISTICS
       Number of queries   : 437
       Number of fetches   : 1405
       Provinces           : 55
   END
4 Provinces treated for overpopulation (3 real)

tick: 151
   Script execution time: 1.60217285156
   STATISTICS
       Number of queries   : 388
       Number of fetches   : 1195
       Provinces           : 55
   END
2 Provinces treated for overpopulation (1 real)

tick: 152
   Script execution time: 1.31760597229
   STATISTICS
       Number of queries   : 290
       Number of fetches   : 774
       Provinces           : 55
   END
3 Provinces treated for overpopulation (2 real)

tick: 153
   Script execution time: 1.24189090729
   STATISTICS
       Number of queries   : 339
       Number of fetches   : 966
       Provinces           : 55
   END
1 Provinces treated for overpopulation (0 real)

tick: 154
   Script execution time: 1.58456301689
   STATISTICS
       Number of queries   : 241
       Number of fetches   : 556
       Provinces           : 55
   END
1 Provinces treated for overpopulation (0 real)

tick: 155
   Script execution time: 1.37458300591
   STATISTICS
       Number of queries   : 241
       Number of fetches   : 557
       Provinces           : 55
   END
3 Provinces treated for overpopulation (2 real)

tick: 156
   Script execution time: 1.14607787132
   STATISTICS
       Number of queries   : 339
       Number of fetches   : 975
       Provinces           : 55
   END
3 Provinces treated for overpopulation (2 real)

tick: 157
   Script execution time: 1.57501006126
   STATISTICS
       Number of queries   : 339
       Number of fetches   : 975
       Provinces           : 55
   END
2 Provinces treated for overpopulation (1 real)

tick: 158
   Script execution time: 1.01008105278
   STATISTICS
       Number of queries   : 290
       Number of fetches   : 756
       Provinces           : 55
   END
5 Provinces treated for overpopulation (3 real)

tick: 159
   Script execution time: 1.68827295303
   STATISTICS
       Number of queries   : 433
       Number of fetches   : 1416
       Provinces           : 55
   END
3 Provinces treated for overpopulation (1 real)

tick: 160
   Script execution time: 1.46409988403
   STATISTICS
       Number of queries   : 335
       Number of fetches   : 988
       Provinces           : 55
   END
3 Provinces treated for overpopulation (2 real)

tick: 161
   Script execution time: 2.69198513031
   STATISTICS
       Number of queries   : 339
       Number of fetches   : 974
       Provinces           : 55
   END
2 Provinces treated for overpopulation (1 real)

tick: 162
   Script execution time: 1.14808607101
   STATISTICS
       Number of queries   : 290
       Number of fetches   : 764
       Provinces           : 55
   END
1 Provinces treated for overpopulation (0 real)

tick: 163
   Script execution time: 1.49691200256
   STATISTICS
       Number of queries   : 241
       Number of fetches   : 555
       Provinces           : 56
   END
2 Provinces treated for overpopulation (1 real)

tick: 164
   Script execution time: 1.19379997253
   STATISTICS
       Number of queries   : 290
       Number of fetches   : 772
       Provinces           : 56
   END
4 Provinces treated for overpopulation (3 real)

tick: 165
   Script execution time: 1.19581389427
   STATISTICS
       Number of queries   : 388
       Number of fetches   : 1175
       Provinces           : 56
   END
2 Provinces treated for overpopulation (1 real)

tick: 166
   Script execution time: 4.22868418694
   STATISTICS
       Number of queries   : 290
       Number of fetches   : 759
       Provinces           : 56
   END
3 Provinces treated for overpopulation (2 real)

tick: 167
   Script execution time: 1.31520295143
   STATISTICS
       Number of queries   : 338
       Number of fetches   : 994
       Provinces           : 56
   END
3 Provinces treated for overpopulation (2 real)

tick: 168
   Script execution time: 1.22303199768
   STATISTICS
       Number of queries   : 340
       Number of fetches   : 983
       Provinces           : 56
   END
2 Provinces treated for overpopulation (1 real)

tick: 169
   Script execution time: 1.32669615746
   STATISTICS
       Number of queries   : 287
       Number of fetches   : 773
       Provinces           : 56
   END
3 Provinces treated for overpopulation (2 real)

tick: 170
   Script execution time: 1.11132383347
   STATISTICS
       Number of queries   : 338
       Number of fetches   : 969
       Provinces           : 56
   END
1 Provinces treated for overpopulation (0 real)

tick: 171
   Script execution time: 1.912348032
   STATISTICS
       Number of queries   : 240
       Number of fetches   : 558
       Provinces           : 56
   END
1 Provinces treated for overpopulation (0 real)

tick: 172
   Script execution time: 1.35737800598
   STATISTICS
       Number of queries   : 238
       Number of fetches   : 555
       Provinces           : 56
   END
4 Provinces treated for overpopulation (3 real)

tick: 173
   Script execution time: 1.20669221878
   STATISTICS
       Number of queries   : 385
       Number of fetches   : 1175
       Provinces           : 56
   END
2 Provinces treated for overpopulation (1 real)

tick: 174
   Script execution time: 1.13262987137
   STATISTICS
       Number of queries   : 287
       Number of fetches   : 774
       Provinces           : 56
   END
1 Provinces treated for overpopulation (1 real)

tick: 175
   Script execution time: 1.0633699894
   STATISTICS
       Number of queries   : 242
       Number of fetches   : 523
       Provinces           : 56
   END
2 Provinces treated for overpopulation (2 real)

tick: 176
   Script execution time: 1.10468006134
   STATISTICS
       Number of queries   : 290
       Number of fetches   : 753
       Provinces           : 56
   END
3 Provinces treated for overpopulation (3 real)

tick: 177
   Script execution time: 1.03840303421
   STATISTICS
       Number of queries   : 341
       Number of fetches   : 973
       Provinces           : 56
   END
3 Provinces treated for overpopulation (3 real)

tick: 178
   Script execution time: 1.6097869873
   STATISTICS
       Number of queries   : 341
       Number of fetches   : 964
       Provinces           : 56
   END
2 Provinces treated for overpopulation (2 real)

tick: 179
   Script execution time: 1.20048904419
   STATISTICS
       Number of queries   : 292
       Number of fetches   : 755
       Provinces           : 56
   END
1 Provinces treated for overpopulation (1 real)

tick: 180
   Script execution time: 1.12351298332
   STATISTICS
       Number of queries   : 243
       Number of fetches   : 545
       Provinces           : 56
   END
3 Provinces treated for overpopulation (3 real)

tick: 181
   Script execution time: 1.41419792175
   STATISTICS
       Number of queries   : 341
       Number of fetches   : 964
       Provinces           : 56
   END
3 Provinces treated for overpopulation (3 real)

tick: 182
   Script execution time: 1.13771700859
   STATISTICS
       Number of queries   : 341
       Number of fetches   : 964
       Provinces           : 56
   END
1 Provinces treated for overpopulation (1 real)

tick: 183
   Script execution time: 1.0782160759
   STATISTICS
       Number of queries   : 243
       Number of fetches   : 545
       Provinces           : 56
   END
4 Provinces treated for overpopulation (4 real)

tick: 184
   Script execution time: 1.45365905762
   STATISTICS
       Number of queries   : 390
       Number of fetches   : 1182
       Provinces           : 56
   END
2 Provinces treated for overpopulation (2 real)

tick: 185
   Script execution time: 1.26684784889
   STATISTICS
       Number of queries   : 292
       Number of fetches   : 755
       Provinces           : 56
   END
2 Provinces treated for overpopulation (2 real)

tick: 186
   Script execution time: 1.40758800507
   STATISTICS
       Number of queries   : 292
       Number of fetches   : 745
       Provinces           : 56
   END
tick: 187
   Script execution time: 1.27038192749
   STATISTICS
       Number of queries   : 193
       Number of fetches   : 294
       Provinces           : 56
   END
1 Provinces treated for overpopulation (1 real)

tick: 188
   Script execution time: 1.14399504662
   STATISTICS
       Number of queries   : 243
       Number of fetches   : 536
       Provinces           : 56
   END
2 Provinces treated for overpopulation (2 real)

tick: 189
   Script execution time: 1.02652597427
   STATISTICS
       Number of queries   : 292
       Number of fetches   : 746
       Provinces           : 56
   END
2 Provinces treated for overpopulation (2 real)

tick: 190
   Script execution time: 2.13891983032
   STATISTICS
       Number of queries   : 292
       Number of fetches   : 747
       Provinces           : 56
   END
1 Provinces treated for overpopulation (1 real)

tick: 191
   Script execution time: 1.01250696182
   STATISTICS
       Number of queries   : 243
       Number of fetches   : 545
       Provinces           : 56
   END
2 Provinces treated for overpopulation (2 real)

tick: 192
   Script execution time: 1.06912088394
   STATISTICS
       Number of queries   : 296
       Number of fetches   : 746
       Provinces           : 56
   END
2 Provinces treated for overpopulation (2 real)

tick: 193
   Script execution time: 1.32078504562
   STATISTICS
       Number of queries   : 292
       Number of fetches   : 765
       Provinces           : 56
   END
3 Provinces treated for overpopulation (3 real)

tick: 194
   Script execution time: 1.09295988083
   STATISTICS
       Number of queries   : 341
       Number of fetches   : 974
       Provinces           : 56
   END
1 Provinces treated for overpopulation (1 real)

tick: 195
   Script execution time: 0.962692022324
   STATISTICS
       Number of queries   : 243
       Number of fetches   : 529
       Provinces           : 56
   END
tick: 196
   Script execution time: 1.29065799713
   STATISTICS
       Number of queries   : 193
       Number of fetches   : 295
       Provinces           : 56
   END
2 Provinces treated for overpopulation (2 real)

tick: 197
   Script execution time: 1.1345140934
   STATISTICS
       Number of queries   : 292
       Number of fetches   : 755
       Provinces           : 56
   END
3 Provinces treated for overpopulation (3 real)

tick: 198
   Script execution time: 1.40270590782
   STATISTICS
       Number of queries   : 341
       Number of fetches   : 948
       Provinces           : 56
   END
tick: 199
   Script execution time: 1.10186219215
   STATISTICS
       Number of queries   : 190
       Number of fetches   : 300
       Provinces           : 57
   END
3 Provinces treated for overpopulation (3 real)

tick: 200
   Script execution time: 1.41814398766
   STATISTICS
       Number of queries   : 341
       Number of fetches   : 967
       Provinces           : 57
   END
tick: 201
   Script execution time: 3.26311016083
   STATISTICS
       Number of queries   : 193
       Number of fetches   : 300
       Provinces           : 57
   END
3 Provinces treated for overpopulation (3 real)

tick: 202
   Script execution time: 1.85994195938
   STATISTICS
       Number of queries   : 341
       Number of fetches   : 979
       Provinces           : 57
   END
3 Provinces treated for overpopulation (3 real)

tick: 203
   Script execution time: 1.23832011223
   STATISTICS
       Number of queries   : 343
       Number of fetches   : 972
       Provinces           : 57
   END
tick: 204
   Script execution time: 1.1031358242
   STATISTICS
       Number of queries   : 195
       Number of fetches   : 303
       Provinces           : 57
   END
1 Provinces treated for overpopulation (1 real)

tick: 205
   Script execution time: 1.27763390541
   STATISTICS
       Number of queries   : 245
       Number of fetches   : 554
       Provinces           : 57
   END
2 Provinces treated for overpopulation (2 real)

tick: 206
   Script execution time: 1.18883395195
   STATISTICS
       Number of queries   : 294
       Number of fetches   : 746
       Provinces           : 57
   END
2 Provinces treated for overpopulation (2 real)

tick: 207
   Script execution time: 1.12034201622
   STATISTICS
       Number of queries   : 294
       Number of fetches   : 755
       Provinces           : 57
   END
2 Provinces treated for overpopulation (2 real)

tick: 208
   Script execution time: 1.34216594696
   STATISTICS
       Number of queries   : 294
       Number of fetches   : 762
       Provinces           : 57
   END
3 Provinces treated for overpopulation (3 real)

tick: 209
   Script execution time: 1.29230308533
   STATISTICS
       Number of queries   : 343
       Number of fetches   : 963
       Provinces           : 57
   END
2 Provinces treated for overpopulation (2 real)

tick: 210
   Script execution time: 1.15510892868
   STATISTICS
       Number of queries   : 294
       Number of fetches   : 762
       Provinces           : 57
   END
5 Provinces treated for overpopulation (5 real)

tick: 211
   Script execution time: 1.44668388367
   STATISTICS
       Number of queries   : 441
       Number of fetches   : 1392
       Provinces           : 57
   END
2 Provinces treated for overpopulation (2 real)

tick: 212
   Script execution time: 1.27284598351
   STATISTICS
       Number of queries   : 294
       Number of fetches   : 763
       Provinces           : 58
   END
2 Provinces treated for overpopulation (2 real)

tick: 213
   Script execution time: 1.22153306007
   STATISTICS
       Number of queries   : 294
       Number of fetches   : 759
       Provinces           : 58
   END
3 Provinces treated for overpopulation (3 real)

tick: 214
   Script execution time: 1.64876008034
   STATISTICS
       Number of queries   : 343
       Number of fetches   : 952
       Provinces           : 58
   END
3 Provinces treated for overpopulation (3 real)

tick: 215
   Script execution time: 1.23145318031
   STATISTICS
       Number of queries   : 343
       Number of fetches   : 960
       Provinces           : 58
   END
2 Provinces treated for overpopulation (2 real)

tick: 216
   Script execution time: 1.14380693436
   STATISTICS
       Number of queries   : 298
       Number of fetches   : 758
       Provinces           : 58
   END
2 Provinces treated for overpopulation (2 real)

tick: 217
   Script execution time: 1.58557105064
   STATISTICS
       Number of queries   : 294
       Number of fetches   : 741
       Provinces           : 58
   END
2 Provinces treated for overpopulation (2 real)

tick: 218
   Script execution time: 1.30580711365
   STATISTICS
       Number of queries   : 294
       Number of fetches   : 758
       Provinces           : 58
   END
1 Provinces treated for overpopulation (1 real)

tick: 219
   Script execution time: 1.43138980865
   STATISTICS
       Number of queries   : 245
       Number of fetches   : 549
       Provinces           : 58
   END
5 Provinces treated for overpopulation (5 real)

tick: 220
   Script execution time: 2.45793890953
   STATISTICS
       Number of queries   : 441
       Number of fetches   : 1391
       Provinces           : 58
   END
2 Provinces treated for overpopulation (2 real)

tick: 221
   Script execution time: 1.5790989399
   STATISTICS
       Number of queries   : 294
       Number of fetches   : 770
       Provinces           : 58
   END
1 Provinces treated for overpopulation (1 real)

tick: 222
   Script execution time: 1.17377519608
   STATISTICS
       Number of queries   : 245
       Number of fetches   : 539
       Provinces           : 58
   END
4 Provinces treated for overpopulation (4 real)

tick: 223
   Script execution time: 1.33296179771
   STATISTICS
       Number of queries   : 392
       Number of fetches   : 1151
       Provinces           : 58
   END
3 Provinces treated for overpopulation (3 real)

tick: 224
   Script execution time: 1.09583592415
   STATISTICS
       Number of queries   : 343
       Number of fetches   : 977
       Provinces           : 58
   END
2 Provinces treated for overpopulation (1 real)

tick: 225
   Script execution time: 1.22540187836
   STATISTICS
       Number of queries   : 290
       Number of fetches   : 735
       Provinces           : 58
   END
2 Provinces treated for overpopulation (1 real)

tick: 226
   Script execution time: 2.45372200012
   STATISTICS
       Number of queries   : 292
       Number of fetches   : 748
       Provinces           : 58
   END
3 Provinces treated for overpopulation (2 real)

tick: 227
   Script execution time: 1.37877202034
   STATISTICS
       Number of queries   : 341
       Number of fetches   : 977
       Provinces           : 59
   END
6 Provinces treated for overpopulation (4 real)

tick: 228
   Script execution time: 1.54104781151
   STATISTICS
       Number of queries   : 484
       Number of fetches   : 1596
       Provinces           : 59
   END
1 Provinces treated for overpopulation (1 real)

tick: 229
   Script execution time: 1.51485109329
   STATISTICS
       Number of queries   : 247
       Number of fetches   : 558
       Provinces           : 59
   END
1 Provinces treated for overpopulation (1 real)

tick: 230
   Script execution time: 1.133051157
   STATISTICS
       Number of queries   : 247
       Number of fetches   : 558
       Provinces           : 59
   END
2 Provinces treated for overpopulation (1 real)

tick: 231
   Script execution time: 1.16330385208
   STATISTICS
       Number of queries   : 292
       Number of fetches   : 741
       Provinces           : 59
   END
3 Provinces treated for overpopulation (2 real)

tick: 232
   Script execution time: 1.58697509766
   STATISTICS
       Number of queries   : 343
       Number of fetches   : 972
       Provinces           : 59
   END
1 Provinces treated for overpopulation (1 real)

tick: 233
   Script execution time: 1.20395493507
   STATISTICS
       Number of queries   : 249
       Number of fetches   : 564
       Provinces           : 59
   END
1 Provinces treated for overpopulation (1 real)

tick: 234
   Script execution time: 2.14162707329
   STATISTICS
       Number of queries   : 251
       Number of fetches   : 548
       Provinces           : 59
   END
1 Provinces treated for overpopulation (1 real)

tick: 235
   Script execution time: 1.47535920143
   STATISTICS
       Number of queries   : 251
       Number of fetches   : 557
       Provinces           : 59
   END
5 Provinces treated for overpopulation (3 real)

tick: 236
   Script execution time: 1.21395015717
   STATISTICS
       Number of queries   : 439
       Number of fetches   : 1392
       Provinces           : 59
   END
4 Provinces treated for overpopulation (4 real)

tick: 237
   Script execution time: 1.23360896111
   STATISTICS
       Number of queries   : 396
       Number of fetches   : 1208
       Provinces           : 59
   END
tick: 238
   Script execution time: 1.53440999985
   STATISTICS
       Number of queries   : 199
       Number of fetches   : 310
       Provinces           : 59
   END
2 Provinces treated for overpopulation (2 real)

tick: 239
   Script execution time: 1.05943107605
   STATISTICS
       Number of queries   : 298
       Number of fetches   : 762
       Provinces           : 59
   END
4 Provinces treated for overpopulation (2 real)

tick: 240
   Script execution time: 1.25241208076
   STATISTICS
       Number of queries   : 392
       Number of fetches   : 1170
       Provinces           : 59
   END
1 Provinces treated for overpopulation (1 real)

tick: 241
   Script execution time: 1.59978294373
   STATISTICS
       Number of queries   : 251
       Number of fetches   : 569
       Provinces           : 59
   END
1 Provinces treated for overpopulation (1 real)

tick: 242
   Script execution time: 1.13991093636
   STATISTICS
       Number of queries   : 251
       Number of fetches   : 547
       Provinces           : 59
   END
1 Provinces treated for overpopulation (1 real)

tick: 243
   Script execution time: 1.86920189857
   STATISTICS
       Number of queries   : 251
       Number of fetches   : 555
       Provinces           : 59
   END
2 Provinces treated for overpopulation (1 real)

tick: 244
   Script execution time: 1.7416229248
   STATISTICS
       Number of queries   : 296
       Number of fetches   : 764
       Provinces           : 59
   END
4 Provinces treated for overpopulation (3 real)

tick: 245
   Script execution time: 1.60673904419
   STATISTICS
       Number of queries   : 404
       Number of fetches   : 1196
       Provinces           : 59
   END
4 Provinces treated for overpopulation (4 real)

tick: 246
   Script execution time: 1.35203099251
   STATISTICS
       Number of queries   : 396
       Number of fetches   : 1198
       Provinces           : 59
   END
1 Provinces treated for overpopulation (1 real)

tick: 247
   Script execution time: 1.40243196487
   STATISTICS
       Number of queries   : 249
       Number of fetches   : 546
       Provinces           : 59
   END
5 Provinces treated for overpopulation (3 real)

tick: 248
   Script execution time: 1.45622205734
   STATISTICS
       Number of queries   : 437
       Number of fetches   : 1365
       Provinces           : 59
   END
3 Provinces treated for overpopulation (3 real)

tick: 249
   Script execution time: 1.15926408768
   STATISTICS
       Number of queries   : 349
       Number of fetches   : 985
       Provinces           : 60
   END
2 Provinces treated for overpopulation (2 real)

tick: 250
   Script execution time: 1.55575799942
   STATISTICS
       Number of queries   : 298
       Number of fetches   : 754
       Provinces           : 60
   END
2 Provinces treated for overpopulation (2 real)

tick: 251
   Script execution time: 1.27100014687
   STATISTICS
       Number of queries   : 296
       Number of fetches   : 759
       Provinces           : 60
   END
2 Provinces treated for overpopulation (2 real)

tick: 252
   Script execution time: 1.15977597237
   STATISTICS
       Number of queries   : 296
       Number of fetches   : 768
       Provinces           : 60
   END
5 Provinces treated for overpopulation (3 real)

tick: 253
   Script execution time: 1.31923484802
   STATISTICS
       Number of queries   : 435
       Number of fetches   : 1377
       Provinces           : 60
   END
3 Provinces treated for overpopulation (3 real)

tick: 254
   Script execution time: 1.27600717545
   STATISTICS
       Number of queries   : 348
       Number of fetches   : 996
       Provinces           : 60
   END
tick: 255
   Script execution time: 1.04388403893
   STATISTICS
       Number of queries   : 200
       Number of fetches   : 318
       Provinces           : 60
   END
3 Provinces treated for overpopulation (2 real)

tick: 256
   Script execution time: 2.39521598816
   STATISTICS
       Number of queries   : 342
       Number of fetches   : 965
       Provinces           : 60
   END
2 Provinces treated for overpopulation (1 real)

tick: 257
   Script execution time: 1.11106491089
   STATISTICS
       Number of queries   : 293
       Number of fetches   : 763
       Provinces           : 60
   END
1 Provinces treated for overpopulation (1 real)

tick: 258
   Script execution time: 1.68297696114
   STATISTICS
       Number of queries   : 248
       Number of fetches   : 555
       Provinces           : 60
   END
2 Provinces treated for overpopulation (2 real)

tick: 259
   Script execution time: 1.31867599487
   STATISTICS
       Number of queries   : 307
       Number of fetches   : 761
       Provinces           : 60
   END
2 Provinces treated for overpopulation (2 real)

tick: 260
   Script execution time: 1.37232995033
   STATISTICS
       Number of queries   : 295
       Number of fetches   : 769
       Provinces           : 60
   END
5 Provinces treated for overpopulation (3 real)

tick: 261
   Script execution time: 1.29971790314
   STATISTICS
       Number of queries   : 434
       Number of fetches   : 1377
       Provinces           : 60
   END
tick: 262
   Script execution time: 2.25643014908
   STATISTICS
       Number of queries   : 196
       Number of fetches   : 309
       Provinces           : 60
   END
3 Provinces treated for overpopulation (3 real)

tick: 263
   Script execution time: 1.20403790474
   STATISTICS
       Number of queries   : 344
       Number of fetches   : 988
       Provinces           : 61
   END
2 Provinces treated for overpopulation (2 real)

tick: 264
   Script execution time: 1.25725603104
   STATISTICS
       Number of queries   : 301
       Number of fetches   : 764
       Provinces           : 61
   END
2 Provinces treated for overpopulation (0 real)

tick: 265
   Script execution time: 1.34732604027
   STATISTICS
       Number of queries   : 289
       Number of fetches   : 745
       Provinces           : 61
   END
2 Provinces treated for overpopulation (2 real)

tick: 266
   Script execution time: 1.14370393753
   STATISTICS
       Number of queries   : 297
       Number of fetches   : 771
       Provinces           : 61
   END
2 Provinces treated for overpopulation (2 real)

tick: 267
   Script execution time: 1.30071115494
   STATISTICS
       Number of queries   : 297
       Number of fetches   : 753
       Provinces           : 61
   END
2 Provinces treated for overpopulation (2 real)

tick: 268
   Script execution time: 1.48792600632
   STATISTICS
       Number of queries   : 297
       Number of fetches   : 770
       Provinces           : 61
   END
3 Provinces treated for overpopulation (1 real)

tick: 269
   Script execution time: 1.21795606613
   STATISTICS
       Number of queries   : 338
       Number of fetches   : 961
       Provinces           : 61
   END
2 Provinces treated for overpopulation (2 real)

tick: 270
   Script execution time: 1.65174198151
   STATISTICS
       Number of queries   : 297
       Number of fetches   : 765
       Provinces           : 61
   END
tick: 271
   Script execution time: 1.564027071
   STATISTICS
       Number of queries   : 198
       Number of fetches   : 313
       Provinces           : 61
   END
5 Provinces treated for overpopulation (4 real)

tick: 272
   Script execution time: 1.19335603714
   STATISTICS
       Number of queries   : 440
       Number of fetches   : 1418
       Provinces           : 61
   END
3 Provinces treated for overpopulation (1 real)

tick: 273
   Script execution time: 1.37789392471
   STATISTICS
       Number of queries   : 336
       Number of fetches   : 946
       Provinces           : 61
   END
2 Provinces treated for overpopulation (1 real)

tick: 274
   Script execution time: 1.27667689323
   STATISTICS
       Number of queries   : 293
       Number of fetches   : 768
       Provinces           : 61
   END
4 Provinces treated for overpopulation (4 real)

tick: 275
   Script execution time: 1.2302210331
   STATISTICS
       Number of queries   : 395
       Number of fetches   : 1195
       Provinces           : 61
   END
4 Provinces treated for overpopulation (3 real)

tick: 276
   Script execution time: 1.3574450016
   STATISTICS
       Number of queries   : 393
       Number of fetches   : 1208
       Provinces           : 61
   END
4 Provinces treated for overpopulation (1 real)

tick: 277
   Script execution time: 1.49564981461
   STATISTICS
       Number of queries   : 385
       Number of fetches   : 1181
       Provinces           : 61
   END
3 Provinces treated for overpopulation (3 real)

tick: 278
   Script execution time: 1.43255186081
   STATISTICS
       Number of queries   : 349
       Number of fetches   : 997
       Provinces           : 62
   END
1 Provinces treated for overpopulation (1 real)

tick: 279
   Script execution time: 1.33467507362
   STATISTICS
       Number of queries   : 268
       Number of fetches   : 569
       Provinces           : 61
   END
4 Provinces treated for overpopulation (3 real)

tick: 280
   Script execution time: 1.81595492363
   STATISTICS
       Number of queries   : 392
       Number of fetches   : 1201
       Provinces           : 61
   END
2 Provinces treated for overpopulation (2 real)

tick: 281
   Script execution time: 1.17576408386
   STATISTICS
       Number of queries   : 296
       Number of fetches   : 764
       Provinces           : 61
   END
2 Provinces treated for overpopulation (0 real)

tick: 282
   Script execution time: 1.09625196457
   STATISTICS
       Number of queries   : 288
       Number of fetches   : 744
       Provinces           : 61
   END
1 Provinces treated for overpopulation (1 real)

tick: 283
   Script execution time: 1.78201913834
   STATISTICS
       Number of queries   : 249
       Number of fetches   : 568
       Provinces           : 61
   END
5 Provinces treated for overpopulation (4 real)

tick: 284
   Script execution time: 1.2471678257
   STATISTICS
       Number of queries   : 443
       Number of fetches   : 1407
       Provinces           : 62
   END
2 Provinces treated for overpopulation (1 real)

tick: 285
   Script execution time: 1.08027100563
   STATISTICS
       Number of queries   : 295
       Number of fetches   : 762
       Provinces           : 62
   END
2 Provinces treated for overpopulation (1 real)

tick: 286
   Script execution time: 2.04332280159
   STATISTICS
       Number of queries   : 313
       Number of fetches   : 762
       Provinces           : 61
   END
1 Provinces treated for overpopulation (1 real)

tick: 287
   Script execution time: 1.23405504227
   STATISTICS
       Number of queries   : 249
       Number of fetches   : 571
       Provinces           : 61
   END
1 Provinces treated for overpopulation (0 real)

tick: 288
   Script execution time: 1.25589299202
   STATISTICS
       Number of queries   : 247
       Number of fetches   : 555
       Provinces           : 61
   END
3 Provinces treated for overpopulation (3 real)

tick: 289
   Script execution time: 1.37576389313
   STATISTICS
       Number of queries   : 345
       Number of fetches   : 986
       Provinces           : 61
   END
4 Provinces treated for overpopulation (2 real)

tick: 290
   Script execution time: 1.15769100189
   STATISTICS
       Number of queries   : 386
       Number of fetches   : 1185
       Provinces           : 61
   END
2 Provinces treated for overpopulation (2 real)

tick: 291
   Script execution time: 1.33380913734
   STATISTICS
       Number of queries   : 297
       Number of fetches   : 807
       Provinces           : 61
   END
4 Provinces treated for overpopulation (2 real)

tick: 292
   Script execution time: 1.66637301445
   STATISTICS
       Number of queries   : 388
       Number of fetches   : 1226
       Provinces           : 61
   END
5 Provinces treated for overpopulation (5 real)

tick: 293
   Script execution time: 1.76214599609
   STATISTICS
       Number of queries   : 445
       Number of fetches   : 1454
       Provinces           : 61
   END
3 Provinces treated for overpopulation (1 real)

tick: 294
   Script execution time: 1.71131706238
   STATISTICS
       Number of queries   : 339
       Number of fetches   : 998
       Provinces           : 61
   END
4 Provinces treated for overpopulation (4 real)

tick: 295
   Script execution time: 1.90152788162
   STATISTICS
       Number of queries   : 396
       Number of fetches   : 1244
       Provinces           : 61
   END
3 Provinces treated for overpopulation (2 real)

tick: 296
   Script execution time: 1.18178796768
   STATISTICS
       Number of queries   : 343
       Number of fetches   : 1025
       Provinces           : 61
   END
2 Provinces treated for overpopulation (2 real)

tick: 297
   Script execution time: 1.45688295364
   STATISTICS
       Number of queries   : 298
       Number of fetches   : 817
       Provinces           : 61
   END
4 Provinces treated for overpopulation (2 real)

tick: 298
   Script execution time: 1.44342207909
   STATISTICS
       Number of queries   : 387
       Number of fetches   : 1175
       Provinces           : 61
   END
2 Provinces treated for overpopulation (1 real)

tick: 299
   Script execution time: 1.29142713547
   STATISTICS
       Number of queries   : 293
       Number of fetches   : 751
       Provinces           : 62
   END
2 Provinces treated for overpopulation (1 real)

tick: 300
   Script execution time: 1.63716506958
   STATISTICS
       Number of queries   : 293
       Number of fetches   : 759
       Provinces           : 62
   END
3 Provinces treated for overpopulation (2 real)

tick: 301
   Script execution time: 1.38454794884
   STATISTICS
       Number of queries   : 342
       Number of fetches   : 976
       Provinces           : 62
   END
5 Provinces treated for overpopulation (3 real)

tick: 302
   Script execution time: 1.19499802589
   STATISTICS
       Number of queries   : 436
       Number of fetches   : 1394
       Provinces           : 62
   END
3 Provinces treated for overpopulation (3 real)

tick: 303
   Script execution time: 1.12289690971
   STATISTICS
       Number of queries   : 346
       Number of fetches   : 993
       Provinces           : 62
   END
2 Provinces treated for overpopulation (1 real)

tick: 304
   Script execution time: 1.63711380959
   STATISTICS
       Number of queries   : 293
       Number of fetches   : 773
       Provinces           : 62
   END
tick: 305
   Script execution time: 2.58715319633
   STATISTICS
       Number of queries   : 198
       Number of fetches   : 311
       Provinces           : 62
   END
2 Provinces treated for overpopulation (1 real)

tick: 306
   Script execution time: 1.45120716095
   STATISTICS
       Number of queries   : 295
       Number of fetches   : 767
       Provinces           : 63
   END
3 Provinces treated for overpopulation (1 real)

tick: 307
   Script execution time: 1.38347887993
   STATISTICS
       Number of queries   : 339
       Number of fetches   : 967
       Provinces           : 63
   END
3 Provinces treated for overpopulation (2 real)

tick: 308
   Script execution time: 1.30408596992
   STATISTICS
       Number of queries   : 359
       Number of fetches   : 979
       Provinces           : 62
   END
3 Provinces treated for overpopulation (1 real)

tick: 309
   Script execution time: 1.10158801079
   STATISTICS
       Number of queries   : 336
       Number of fetches   : 971
       Provinces           : 62
   END
6 Provinces treated for overpopulation (4 real)

tick: 310
   Script execution time: 4.42469215393
   STATISTICS
       Number of queries   : 483
       Number of fetches   : 1610
       Provinces           : 62
   END
5 Provinces treated for overpopulation (4 real)

tick: 311
   Script execution time: 1.28670406342
   STATISTICS
       Number of queries   : 438
       Number of fetches   : 1410
       Provinces           : 62
   END
tick: 312
   Script execution time: 1.13626408577
   STATISTICS
       Number of queries   : 197
       Number of fetches   : 314
       Provinces           : 62
   END
tick: 313
   Script execution time: 1.24977087975
   STATISTICS
       Number of queries   : 193
       Number of fetches   : 314
       Provinces           : 62
   END
3 Provinces treated for overpopulation (1 real)

tick: 314
   Script execution time: 1.25095200539
   STATISTICS
       Number of queries   : 336
       Number of fetches   : 970
       Provinces           : 62
   END
3 Provinces treated for overpopulation (1 real)

tick: 315
   Script execution time: 1.24146389961
   STATISTICS
       Number of queries   : 336
       Number of fetches   : 965
       Provinces           : 62
   END
1 Provinces treated for overpopulation (1 real)

tick: 316
   Script execution time: 1.34112596512
   STATISTICS
       Number of queries   : 245
       Number of fetches   : 559
       Provinces           : 62
   END
4 Provinces treated for overpopulation (3 real)

tick: 317
   Script execution time: 1.19501590729
   STATISTICS
       Number of queries   : 390
       Number of fetches   : 1191
       Provinces           : 63
   END
3 Provinces treated for overpopulation (2 real)

tick: 318
   Script execution time: 1.14402890205
   STATISTICS
       Number of queries   : 340
       Number of fetches   : 976
       Provinces           : 63
   END
4 Provinces treated for overpopulation (2 real)

tick: 319
   Script execution time: 1.9819149971
   STATISTICS
       Number of queries   : 385
       Number of fetches   : 1169
       Provinces           : 63
   END
2 Provinces treated for overpopulation (2 real)

tick: 320
   Script execution time: 1.13869810104
   STATISTICS
       Number of queries   : 313
       Number of fetches   : 767
       Provinces           : 62
   END
tick: 321
   Script execution time: 1.02568888664
   STATISTICS
       Number of queries   : 195
       Number of fetches   : 307
       Provinces           : 62
   END
2 Provinces treated for overpopulation (1 real)

tick: 322
   Script execution time: 1.70196580887
   STATISTICS
       Number of queries   : 290
       Number of fetches   : 764
       Provinces           : 62
   END
3 Provinces treated for overpopulation (1 real)

tick: 323
   Script execution time: 1.17695403099
   STATISTICS
       Number of queries   : 335
       Number of fetches   : 959
       Provinces           : 62
   END
2 Provinces treated for overpopulation (1 real)

tick: 324
   Script execution time: 1.18114304543
   STATISTICS
       Number of queries   : 290
       Number of fetches   : 759
       Provinces           : 62
   END
5 Provinces treated for overpopulation (4 real)

tick: 325
   Script execution time: 1.30583906174
   STATISTICS
       Number of queries   : 438
       Number of fetches   : 1408
       Provinces           : 62
   END
2 Provinces treated for overpopulation (2 real)

tick: 326
   Script execution time: 1.20096588135
   STATISTICS
       Number of queries   : 295
       Number of fetches   : 769
       Provinces           : 62
   END
6 Provinces treated for overpopulation (3 real)

tick: 327
   Script execution time: 1.27130007744
   STATISTICS
       Number of queries   : 479
       Number of fetches   : 1603
       Provinces           : 62
   END
3 Provinces treated for overpopulation (2 real)

tick: 328
   Script execution time: 1.24621796608
   STATISTICS
       Number of queries   : 340
       Number of fetches   : 977
       Provinces           : 62
   END
2 Provinces treated for overpopulation (2 real)

tick: 329
   Script execution time: 1.27932310104
   STATISTICS
       Number of queries   : 295
       Number of fetches   : 765
       Provinces           : 62
   END
3 Provinces treated for overpopulation (2 real)

tick: 330
   Script execution time: 1.22977304459
   STATISTICS
       Number of queries   : 338
       Number of fetches   : 969
       Provinces           : 62
   END
3 Provinces treated for overpopulation (1 real)

tick: 331
   Script execution time: 1.16668105125
   STATISTICS
       Number of queries   : 334
       Number of fetches   : 943
       Provinces           : 62
   END
2 Provinces treated for overpopulation (1 real)

tick: 332
   Script execution time: 1.15251994133
   STATISTICS
       Number of queries   : 289
       Number of fetches   : 743
       Provinces           : 62
   END
2 Provinces treated for overpopulation (2 real)

tick: 333
   Script execution time: 1.09209108353
   STATISTICS
       Number of queries   : 293
       Number of fetches   : 761
       Provinces           : 62
   END
4 Provinces treated for overpopulation (2 real)

tick: 334
   Script execution time: 1.97502589226
   STATISTICS
       Number of queries   : 381
       Number of fetches   : 1166
       Provinces           : 62
   END
5 Provinces treated for overpopulation (4 real)

tick: 335
   Script execution time: 1.3789460659
   STATISTICS
       Number of queries   : 434
       Number of fetches   : 1395
       Provinces           : 62
   END
6 Provinces treated for overpopulation (4 real)

tick: 336
   Script execution time: 1.37210607529
   STATISTICS
       Number of queries   : 483
       Number of fetches   : 1589
       Provinces           : 62
   END
2 Provinces treated for overpopulation (1 real)

tick: 337
   Script execution time: 1.27317905426
   STATISTICS
       Number of queries   : 287
       Number of fetches   : 761
       Provinces           : 62
   END
3 Provinces treated for overpopulation (2 real)

tick: 338
   Script execution time: 1.26904511452
   STATISTICS
       Number of queries   : 336
       Number of fetches   : 978
       Provinces           : 62
   END
4 Provinces treated for overpopulation (2 real)

tick: 339
   Script execution time: 1.14311909676
   STATISTICS
       Number of queries   : 381
       Number of fetches   : 1170
       Provinces           : 62
   END
2 Provinces treated for overpopulation (1 real)

tick: 340
   Script execution time: 1.46729588509
   STATISTICS
       Number of queries   : 287
       Number of fetches   : 752
       Provinces           : 62
   END
1 Provinces treated for overpopulation (1 real)

tick: 341
   Script execution time: 2.02247977257
   STATISTICS
       Number of queries   : 246
       Number of fetches   : 553
       Provinces           : 62
   END
3 Provinces treated for overpopulation (1 real)

tick: 342
   Script execution time: 1.51600599289
   STATISTICS
       Number of queries   : 336
       Number of fetches   : 954
       Provinces           : 62
   END
2 Provinces treated for overpopulation (2 real)

tick: 343
   Script execution time: 1.31242179871
   STATISTICS
       Number of queries   : 295
       Number of fetches   : 762
       Provinces           : 62
   END
5 Provinces treated for overpopulation (2 real)

tick: 344
   Script execution time: 1.26395106316
   STATISTICS
       Number of queries   : 430
       Number of fetches   : 1370
       Provinces           : 62
   END
2 Provinces treated for overpopulation (2 real)

tick: 345
   Script execution time: 1.18242692947
   STATISTICS
       Number of queries   : 295
       Number of fetches   : 762
       Provinces           : 62
   END
3 Provinces treated for overpopulation (1 real)

tick: 346
   Script execution time: 2.01032304764
   STATISTICS
       Number of queries   : 338
       Number of fetches   : 974
       Provinces           : 62
   END
3 Provinces treated for overpopulation (2 real)

tick: 347
   Script execution time: 1.14537215233
   STATISTICS
       Number of queries   : 342
       Number of fetches   : 978
       Provinces           : 62
   END
3 Provinces treated for overpopulation (1 real)

tick: 348
   Script execution time: 1.14683890343
   STATISTICS
       Number of queries   : 338
       Number of fetches   : 959
       Provinces           : 62
   END
2 Provinces treated for overpopulation (2 real)

tick: 349
   Script execution time: 1.21596598625
   STATISTICS
       Number of queries   : 296
       Number of fetches   : 774
       Provinces           : 62
   END
3 Provinces treated for overpopulation (2 real)

tick: 350
   Script execution time: 1.41155195236
   STATISTICS
       Number of queries   : 342
       Number of fetches   : 978
       Provinces           : 62
   END
4 Provinces treated for overpopulation (3 real)

tick: 351
   Script execution time: 1.3218960762
   STATISTICS
       Number of queries   : 391
       Number of fetches   : 1187
       Provinces           : 62
   END
4 Provinces treated for overpopulation (2 real)

tick: 352
   Script execution time: 1.29275894165
   STATISTICS
       Number of queries   : 387
       Number of fetches   : 1186
       Provinces           : 62
   END
3 Provinces treated for overpopulation (2 real)

tick: 353
   Script execution time: 1.51989102364
   STATISTICS
       Number of queries   : 342
       Number of fetches   : 957
       Provinces           : 62
   END
2 Provinces treated for overpopulation (2 real)

tick: 354
   Script execution time: 1.44410705566
   STATISTICS
       Number of queries   : 298
       Number of fetches   : 779
       Provinces           : 62
   END
3 Provinces treated for overpopulation (0 real)

tick: 355
   Script execution time: 1.34705901146
   STATISTICS
       Number of queries   : 335
       Number of fetches   : 960
       Provinces           : 62
   END
4 Provinces treated for overpopulation (1 real)

tick: 356
   Script execution time: 1.16598105431
   STATISTICS
       Number of queries   : 384
       Number of fetches   : 1161
       Provinces           : 62
   END
2 Provinces treated for overpopulation (1 real)

tick: 357
   Script execution time: 1.11988306046
   STATISTICS
       Number of queries   : 294
       Number of fetches   : 761
       Provinces           : 62
   END
1 Provinces treated for overpopulation (1 real)

tick: 358
   Script execution time: 1.32034397125
   STATISTICS
       Number of queries   : 249
       Number of fetches   : 552
       Provinces           : 62
   END
2 Provinces treated for overpopulation (1 real)

tick: 359
   Script execution time: 1.08909082413
   STATISTICS
       Number of queries   : 294
       Number of fetches   : 773
       Provinces           : 62
   END
4 Provinces treated for overpopulation (3 real)

tick: 360
   Script execution time: 1.22183585167
   STATISTICS
       Number of queries   : 396
       Number of fetches   : 1199
       Provinces           : 62
   END
6 Provinces treated for overpopulation (4 real)

tick: 361
   Script execution time: 2.72812700272
   STATISTICS
       Number of queries   : 482
       Number of fetches   : 1596
       Provinces           : 62
   END
2 Provinces treated for overpopulation (2 real)

tick: 362
   Script execution time: 1.69495582581
   STATISTICS
       Number of queries   : 293
       Number of fetches   : 775
       Provinces           : 62
   END
4 Provinces treated for overpopulation (2 real)

tick: 363
   Script execution time: 1.41972589493
   STATISTICS
       Number of queries   : 421
       Number of fetches   : 1250
       Provinces           : 62
   END
2 Provinces treated for overpopulation (1 real)

tick: 364
   Script execution time: 2.18216085434
   STATISTICS
       Number of queries   : 291
       Number of fetches   : 759
       Provinces           : 62
   END
4 Provinces treated for overpopulation (2 real)

tick: 365
   Script execution time: 1.31741094589
   STATISTICS
       Number of queries   : 385
       Number of fetches   : 1174
       Provinces           : 62
   END
2 Provinces treated for overpopulation (1 real)

tick: 366
   Script execution time: 1.0741341114
   STATISTICS
       Number of queries   : 291
       Number of fetches   : 748
       Provinces           : 62
   END
tick: 367
   Script execution time: 1.1897251606
   STATISTICS
       Number of queries   : 196
       Number of fetches   : 307
       Provinces           : 62
   END
4 Provinces treated for overpopulation (2 real)

tick: 368
   Script execution time: 1.2340760231
   STATISTICS
       Number of queries   : 386
       Number of fetches   : 1186
       Provinces           : 62
   END
3 Provinces treated for overpopulation (1 real)

tick: 369
   Script execution time: 1.27976107597
   STATISTICS
       Number of queries   : 337
       Number of fetches   : 960
       Provinces           : 62
   END
3 Provinces treated for overpopulation (3 real)

tick: 370
   Script execution time: 2.0306968689
   STATISTICS
       Number of queries   : 345
       Number of fetches   : 977
       Provinces           : 62
   END
1 Provinces treated for overpopulation (1 real)

tick: 371
   Script execution time: 1.06190299988
   STATISTICS
       Number of queries   : 253
       Number of fetches   : 581
       Provinces           : 62
   END
5 Provinces treated for overpopulation (2 real)

tick: 372
   Script execution time: 1.57600784302
   STATISTICS
       Number of queries   : 437
       Number of fetches   : 1416
       Provinces           : 62
   END
4 Provinces treated for overpopulation (2 real)

tick: 373
   Script execution time: 1.53925013542
   STATISTICS
       Number of queries   : 394
       Number of fetches   : 1206
       Provinces           : 62
   END
3 Provinces treated for overpopulation (3 real)

tick: 374
   Script execution time: 1.17664313316
   STATISTICS
       Number of queries   : 353
       Number of fetches   : 1015
       Provinces           : 62
   END
2 Provinces treated for overpopulation (1 real)

tick: 375
   Script execution time: 1.37811183929
   STATISTICS
       Number of queries   : 300
       Number of fetches   : 788
       Provinces           : 62
   END
5 Provinces treated for overpopulation (3 real)

tick: 376
   Script execution time: 1.59439992905
   STATISTICS
       Number of queries   : 442
       Number of fetches   : 1429
       Provinces           : 63
   END
1 Provinces treated for overpopulation (0 real)

tick: 377
   Script execution time: 1.65367603302
   STATISTICS
       Number of queries   : 253
       Number of fetches   : 568
       Provinces           : 63
   END
5 Provinces treated for overpopulation (4 real)

tick: 378
   Script execution time: 1.47408485413
   STATISTICS
       Number of queries   : 466
       Number of fetches   : 1418
       Provinces           : 62
   END
tick: 379
   Script execution time: 2.23234200478
   STATISTICS
       Number of queries   : 205
       Number of fetches   : 331
       Provinces           : 62
   END
2 Provinces treated for overpopulation (0 real)

tick: 380
   Script execution time: 1.12385201454
   STATISTICS
       Number of queries   : 298
       Number of fetches   : 773
       Provinces           : 63
   END
4 Provinces treated for overpopulation (1 real)

tick: 381
   Script execution time: 1.37687420845
   STATISTICS
       Number of queries   : 409
       Number of fetches   : 1191
       Provinces           : 62
   END
1 Provinces treated for overpopulation (1 real)

tick: 382
   Script execution time: 1.65939593315
   STATISTICS
       Number of queries   : 255
       Number of fetches   : 582
       Provinces           : 62
   END
3 Provinces treated for overpopulation (3 real)

tick: 383
   Script execution time: 1.47109293938
   STATISTICS
       Number of queries   : 349
       Number of fetches   : 996
       Provinces           : 62
   END
4 Provinces treated for overpopulation (1 real)

tick: 384
   Script execution time: 2.01618289948
   STATISTICS
       Number of queries   : 392
       Number of fetches   : 1196
       Provinces           : 63
   END
4 Provinces treated for overpopulation (1 real)

tick: 385
   Script execution time: 1.50412487984
   STATISTICS
       Number of queries   : 391
       Number of fetches   : 1197
       Provinces           : 64
   END
5 Provinces treated for overpopulation (2 real)

tick: 386
   Script execution time: 1.54349994659
   STATISTICS
       Number of queries   : 458
       Number of fetches   : 1418
       Provinces           : 63
   END
3 Provinces treated for overpopulation (2 real)

tick: 387
   Script execution time: 1.53945207596
   STATISTICS
       Number of queries   : 369
       Number of fetches   : 1057
       Provinces           : 62
   END
3 Provinces treated for overpopulation (1 real)

tick: 388
   Script execution time: 1.75344514847
   STATISTICS
       Number of queries   : 346
       Number of fetches   : 1038
       Provinces           : 62
   END
4 Provinces treated for overpopulation (2 real)

tick: 389
   Script execution time: 1.42082500458
   STATISTICS
       Number of queries   : 395
       Number of fetches   : 1252
       Provinces           : 62
   END
4 Provinces treated for overpopulation (2 real)

tick: 390
   Script execution time: 1.22215485573
   STATISTICS
       Number of queries   : 395
       Number of fetches   : 1234
       Provinces           : 62
   END
2 Provinces treated for overpopulation (2 real)

tick: 391
   Script execution time: 1.23513007164
   STATISTICS
       Number of queries   : 303
       Number of fetches   : 822
       Provinces           : 62
   END
5 Provinces treated for overpopulation (3 real)

tick: 392
   Script execution time: 1.36746096611
   STATISTICS
       Number of queries   : 444
       Number of fetches   : 1461
       Provinces           : 62
   END
3 Provinces treated for overpopulation (1 real)

tick: 393
   Script execution time: 1.25506091118
   STATISTICS
       Number of queries   : 348
       Number of fetches   : 1027
       Provinces           : 63
   END
5 Provinces treated for overpopulation (2 real)

tick: 394
   Script execution time: 1.73708295822
   STATISTICS
       Number of queries   : 440
       Number of fetches   : 1463
       Provinces           : 63
   END
4 Provinces treated for overpopulation (2 real)

tick: 395
   Script execution time: 1.55631399155
   STATISTICS
       Number of queries   : 401
       Number of fetches   : 1254
       Provinces           : 63
   END
5 Provinces treated for overpopulation (3 real)

tick: 396
   Script execution time: 1.8234732151
   STATISTICS
       Number of queries   : 476
       Number of fetches   : 1503
       Provinces           : 62
   END
4 Provinces treated for overpopulation (2 real)

tick: 397
   Script execution time: 1.9096288681
   STATISTICS
       Number of queries   : 402
       Number of fetches   : 1244
       Provinces           : 62
   END
5 Provinces treated for overpopulation (1 real)

tick: 398
   Script execution time: 1.20965385437
   STATISTICS
       Number of queries   : 447
       Number of fetches   : 1439
       Provinces           : 62
   END
3 Provinces treated for overpopulation (2 real)

tick: 399
   Script execution time: 1.52031707764
   STATISTICS
       Number of queries   : 354
       Number of fetches   : 1004
       Provinces           : 62
   END
3 Provinces treated for overpopulation (1 real)

tick: 400
   Script execution time: 1.37139511108
   STATISTICS
       Number of queries   : 352
       Number of fetches   : 1007
       Provinces           : 62
   END
4 Provinces treated for overpopulation (1 real)

tick: 401
   Script execution time: 1.23251390457
   STATISTICS
       Number of queries   : 397
       Number of fetches   : 1207
       Provinces           : 62
   END
4 Provinces treated for overpopulation (1 real)

tick: 402
   Script execution time: 1.26644802094
   STATISTICS
       Number of queries   : 399
       Number of fetches   : 1216
       Provinces           : 62
   END
3 Provinces treated for overpopulation (0 real)

tick: 403
   Script execution time: 1.78373503685
   STATISTICS
       Number of queries   : 348
       Number of fetches   : 1001
       Provinces           : 62
   END
3 Provinces treated for overpopulation (1 real)

tick: 404
   Script execution time: 1.27223110199
   STATISTICS
       Number of queries   : 352
       Number of fetches   : 993
       Provinces           : 62
   END
3 Provinces treated for overpopulation (2 real)

tick: 405
   Script execution time: 1.21115112305
   STATISTICS
       Number of queries   : 356
       Number of fetches   : 1019
       Provinces           : 62
   END
4 Provinces treated for overpopulation (0 real)

tick: 406
   Script execution time: 1.90616488457
   STATISTICS
       Number of queries   : 393
       Number of fetches   : 1199
       Provinces           : 62
   END
4 Provinces treated for overpopulation (1 real)

tick: 407
   Script execution time: 15.339635849
   STATISTICS
       Number of queries   : 397
       Number of fetches   : 1209
       Provinces           : 62
   END
4 Provinces treated for overpopulation (2 real)

tick: 408
   Script execution time: 1.35545897484
   STATISTICS
       Number of queries   : 405
       Number of fetches   : 1229
       Provinces           : 62
   END
2 Provinces treated for overpopulation (0 real)

tick: 409
   Script execution time: 1.81412887573
   STATISTICS
       Number of queries   : 303
       Number of fetches   : 784
       Provinces           : 62
   END
4 Provinces treated for overpopulation (1 real)

tick: 410
   Script execution time: 1.35288500786
   STATISTICS
       Number of queries   : 397
       Number of fetches   : 1210
       Provinces           : 62
   END
4 Provinces treated for overpopulation (1 real)

tick: 411
   Script execution time: 1.36305713654
   STATISTICS
       Number of queries   : 396
       Number of fetches   : 1214
       Provinces           : 62
   END
2 Provinces treated for overpopulation (1 real)

tick: 412
   Script execution time: 1.38227009773
   STATISTICS
       Number of queries   : 306
       Number of fetches   : 789
       Provinces           : 62
   END
3 Provinces treated for overpopulation (1 real)

tick: 413
   Script execution time: 17.5790820122
   STATISTICS
       Number of queries   : 351
       Number of fetches   : 997
       Provinces           : 62
   END
3 Provinces treated for overpopulation (1 real)

tick: 414
   Script execution time: 9.91958618164
   STATISTICS
       Number of queries   : 351
       Number of fetches   : 1004
       Provinces           : 62
   END
6 Provinces treated for overpopulation (1 real)

tick: 415
   Script execution time: 1.61548495293
   STATISTICS
       Number of queries   : 479
       Number of fetches   : 1615
       Provinces           : 62
   END
2 Provinces treated for overpopulation (1 real)

tick: 416
   Script execution time: 1.64302778244
   STATISTICS
       Number of queries   : 299
       Number of fetches   : 800
       Provinces           : 62
   END
4 Provinces treated for overpopulation (1 real)

tick: 417
   Script execution time: 1.24933099747
   STATISTICS
       Number of queries   : 387
       Number of fetches   : 1204
       Provinces           : 62
   END
3 Provinces treated for overpopulation (1 real)

tick: 418
   Script execution time: 1.71063494682
   STATISTICS
       Number of queries   : 342
       Number of fetches   : 1000
       Provinces           : 63
   END
4 Provinces treated for overpopulation (1 real)

tick: 419
   Script execution time: 1.36090707779
   STATISTICS
       Number of queries   : 392
       Number of fetches   : 1230
       Provinces           : 63
   END
2 Provinces treated for overpopulation (0 real)

tick: 420
   Script execution time: 1.32284402847
   STATISTICS
       Number of queries   : 314
       Number of fetches   : 800
       Provinces           : 62
   END
4 Provinces treated for overpopulation (2 real)

tick: 421
   Script execution time: 2.28153920174
   STATISTICS
       Number of queries   : 397
       Number of fetches   : 1222
       Provinces           : 62
   END
2 Provinces treated for overpopulation (0 real)

tick: 422
   Script execution time: 1.46951007843
   STATISTICS
       Number of queries   : 299
       Number of fetches   : 803
       Provinces           : 62
   END
6 Provinces treated for overpopulation (2 real)

tick: 423
   Script execution time: 1.46462702751
   STATISTICS
       Number of queries   : 489
       Number of fetches   : 1640
       Provinces           : 63
   END
4 Provinces treated for overpopulation (2 real)

tick: 424
   Script execution time: 1.85572099686
   STATISTICS
       Number of queries   : 416
       Number of fetches   : 1239
       Provinces           : 62
   END
2 Provinces treated for overpopulation (0 real)

tick: 425
   Script execution time: 1.36313796043
   STATISTICS
       Number of queries   : 299
       Number of fetches   : 802
       Provinces           : 62
   END
4 Provinces treated for overpopulation (2 real)

tick: 426
   Script execution time: 8.20063900948
   STATISTICS
       Number of queries   : 395
       Number of fetches   : 1222
       Provinces           : 62
   END
4 Provinces treated for overpopulation (0 real)

tick: 427
   Script execution time: 75.7314219475
   STATISTICS
       Number of queries   : 384
       Number of fetches   : 1194
       Provinces           : 62
   END
2 Provinces treated for overpopulation (0 real)

tick: 428
   Script execution time: 1.57493805885
   STATISTICS
       Number of queries   : 294
       Number of fetches   : 787
       Provinces           : 62
   END
4 Provinces treated for overpopulation (2 real)

tick: 429
   Script execution time: 1.48352909088
   STATISTICS
       Number of queries   : 392
       Number of fetches   : 1205
       Provinces           : 62
   END
2 Provinces treated for overpopulation (0 real)

tick: 430
   Script execution time: 1.50298690796
   STATISTICS
       Number of queries   : 294
       Number of fetches   : 786
       Provinces           : 62
   END
3 Provinces treated for overpopulation (1 real)

tick: 431
   Script execution time: 1.40230488777
   STATISTICS
       Number of queries   : 341
       Number of fetches   : 990
       Provinces           : 62
   END
4 Provinces treated for overpopulation (1 real)

tick: 432
   Script execution time: 1.41693305969
   STATISTICS
       Number of queries   : 390
       Number of fetches   : 1197
       Provinces           : 62
   END
4 Provinces treated for overpopulation (2 real)

tick: 433
   Script execution time: 1.63531589508
   STATISTICS
       Number of queries   : 390
       Number of fetches   : 1217
       Provinces           : 62
   END
4 Provinces treated for overpopulation (1 real)

tick: 434
   Script execution time: 1.74921512604
   STATISTICS
       Number of queries   : 386
       Number of fetches   : 1198
       Provinces           : 62
   END
5 Provinces treated for overpopulation (1 real)

tick: 435
   Script execution time: 2.32179093361
   STATISTICS
       Number of queries   : 433
       Number of fetches   : 1414
       Provinces           : 62
   END
1 Provinces treated for overpopulation (0 real)

tick: 436
   Script execution time: 1.97075486183
   STATISTICS
       Number of queries   : 248
       Number of fetches   : 576
       Provinces           : 62
   END
4 Provinces treated for overpopulation (2 real)

tick: 437
   Script execution time: 1.53866910934
   STATISTICS
       Number of queries   : 392
       Number of fetches   : 1212
       Provinces           : 62
   END
3 Provinces treated for overpopulation (0 real)

tick: 438
   Script execution time: 1.31138181686
   STATISTICS
       Number of queries   : 341
       Number of fetches   : 986
       Provinces           : 63
   END
3 Provinces treated for overpopulation (1 real)

tick: 439
   Script execution time: 1.71422886848
   STATISTICS
       Number of queries   : 344
       Number of fetches   : 991
       Provinces           : 63
   END
4 Provinces treated for overpopulation (1 real)

tick: 440
   Script execution time: 1.3542330265
   STATISTICS
       Number of queries   : 407
       Number of fetches   : 1196
       Provinces           : 62
   END
2 Provinces treated for overpopulation (0 real)

tick: 441
   Script execution time: 1.25999999046
   STATISTICS
       Number of queries   : 294
       Number of fetches   : 783
       Provinces           : 63
   END
5 Provinces treated for overpopulation (2 real)

tick: 442
   Script execution time: 1.46155905724
   STATISTICS
       Number of queries   : 453
       Number of fetches   : 1413
       Provinces           : 62
   END
2 Provinces treated for overpopulation (1 real)

tick: 443
   Script execution time: 1.37937712669
   STATISTICS
       Number of queries   : 303
       Number of fetches   : 789
       Provinces           : 62
   END
5 Provinces treated for overpopulation (1 real)

tick: 444
   Script execution time: 1.36014890671
   STATISTICS
       Number of queries   : 430
       Number of fetches   : 1404
       Provinces           : 62
   END
2 Provinces treated for overpopulation (1 real)

tick: 445
   Script execution time: 1.36680102348
   STATISTICS
       Number of queries   : 295
       Number of fetches   : 790
       Provinces           : 62
   END
5 Provinces treated for overpopulation (2 real)

tick: 446
   Script execution time: 1.57888913155
   STATISTICS
       Number of queries   : 442
       Number of fetches   : 1459
       Provinces           : 62
   END
5 Provinces treated for overpopulation (2 real)

tick: 447
   Script execution time: 1.79734587669
   STATISTICS
       Number of queries   : 446
       Number of fetches   : 1472
       Provinces           : 62
   END
4 Provinces treated for overpopulation (1 real)

tick: 448
   Script execution time: 1.54993104935
   STATISTICS
       Number of queries   : 387
       Number of fetches   : 1198
       Provinces           : 62
   END
1 Provinces treated for overpopulation (0 real)

tick: 449
   Script execution time: 2.88945508003
   STATISTICS
       Number of queries   : 250
       Number of fetches   : 581
       Provinces           : 62
   END