
Game Status: Ended - Remaining Ticks: 4 - Age: 0
Game Status: Ended - Remaining Ticks: 3 - Age: 0
Game Status: Ended - Remaining Ticks: 2 - Age: 0
Game Status: Ended - Remaining Ticks: 1 - Age: 0

Game is going from Ended TO Pause

					Remaining ticks: 1
					   STATISTICS
						   Number of queries   : 11
						   Number of fetches   : 6
						   Provinces           : 1
					   ENDResetting game data
Game Data has been reset

--------------------
NEW AGE ONLINE (0)
--------------------
GAME AUTOMATICALLY SET TO ALLOW SIGNUPS!!!!.
Game Status: Pause - Remaining Ticks: 2 - Age: 1
Game Status: Pause - Remaining Ticks: 1 - Age: 1
GAME AUTOMATICALLY STARTED!!!!.
Total age length: 1385 ticks
Game Status: Running - Remaining Ticks: 1383 - Age: 1
Game Status: Running - Remaining Ticks: 1382 - Age: 1
Game Status: Running - Remaining Ticks: 1381 - Age: 1
Game Status: Running - Remaining Ticks: 1380 - Age: 1
Game Status: Running - Remaining Ticks: 1379 - Age: 1
Game Status: Running - Remaining Ticks: 1378 - Age: 1
Game Status: Running - Remaining Ticks: 1377 - Age: 1
Game Status: Running - Remaining Ticks: 1376 - Age: 1
Game Status: Running - Remaining Ticks: 1375 - Age: 1
Game Status: Running - Remaining Ticks: 1374 - Age: 1
Game Status: Running - Remaining Ticks: 1373 - Age: 1
Game Status: Running - Remaining Ticks: 1372 - Age: 1
Game Status: Running - Remaining Ticks: 1371 - Age: 1
Game Status: Running - Remaining Ticks: 1370 - Age: 1
Game Status: Running - Remaining Ticks: 1369 - Age: 1
Game Status: Running - Remaining Ticks: 1368 - Age: 1
Game Status: Running - Remaining Ticks: 1367 - Age: 1
Game Status: Running - Remaining Ticks: 1366 - Age: 1
Game Status: Running - Remaining Ticks: 1365 - Age: 1
Game Status: Running - Remaining Ticks: 1364 - Age: 1
Game Status: Running - Remaining Ticks: 1363 - Age: 1
Game Status: Running - Remaining Ticks: 1362 - Age: 1
Game Status: Running - Remaining Ticks: 1361 - Age: 1
Game Status: Running - Remaining Ticks: 1360 - Age: 1
Game Status: Running - Remaining Ticks: 1359 - Age: 1
Game Status: Running - Remaining Ticks: 1358 - Age: 1
Game Status: Running - Remaining Ticks: 1357 - Age: 1
Game Status: Running - Remaining Ticks: 1356 - Age: 1
Game Status: Running - Remaining Ticks: 1355 - Age: 1
Game Status: Running - Remaining Ticks: 1354 - Age: 1
Game Status: Running - Remaining Ticks: 1353 - Age: 1
Game Status: Running - Remaining Ticks: 1352 - Age: 1
Game Status: Running - Remaining Ticks: 1351 - Age: 1
Game Status: Running - Remaining Ticks: 1350 - Age: 1
Game Status: Running - Remaining Ticks: 1349 - Age: 1
Game Status: Running - Remaining Ticks: 1348 - Age: 1
Game Status: Running - Remaining Ticks: 1347 - Age: 1
Game Status: Running - Remaining Ticks: 1346 - Age: 1
Game Status: Running - Remaining Ticks: 1345 - Age: 1
Game Status: Running - Remaining Ticks: 1344 - Age: 1
Game Status: Running - Remaining Ticks: 1343 - Age: 1
Game Status: Running - Remaining Ticks: 1342 - Age: 1
Game Status: Running - Remaining Ticks: 1341 - Age: 1
Game Status: Running - Remaining Ticks: 1340 - Age: 1
Game Status: Running - Remaining Ticks: 1339 - Age: 1
Game Status: Running - Remaining Ticks: 1338 - Age: 1
Game Status: Running - Remaining Ticks: 1337 - Age: 1
Game Status: Running - Remaining Ticks: 1336 - Age: 1
Game Status: Running - Remaining Ticks: 1335 - Age: 1
Game Status: Running - Remaining Ticks: 1334 - Age: 1
Game Status: Running - Remaining Ticks: 1333 - Age: 1
Game Status: Running - Remaining Ticks: 1332 - Age: 1
Game Status: Running - Remaining Ticks: 1331 - Age: 1
Game Status: Running - Remaining Ticks: 1330 - Age: 1
Game Status: Running - Remaining Ticks: 1329 - Age: 1
Game Status: Running - Remaining Ticks: 1328 - Age: 1
Game Status: Running - Remaining Ticks: 1327 - Age: 1
Game Status: Running - Remaining Ticks: 1326 - Age: 1
Game Status: Running - Remaining Ticks: 1325 - Age: 1
Game Status: Running - Remaining Ticks: 1324 - Age: 1
Game Status: Running - Remaining Ticks: 1323 - Age: 1
Game Status: Running - Remaining Ticks: 1322 - Age: 1
Game Status: Running - Remaining Ticks: 1321 - Age: 1
Game Status: Running - Remaining Ticks: 1320 - Age: 1
Game Status: Running - Remaining Ticks: 1319 - Age: 1
Game Status: Running - Remaining Ticks: 1318 - Age: 1
Game Status: Running - Remaining Ticks: 1317 - Age: 1
Game Status: Running - Remaining Ticks: 1316 - Age: 1
Game Status: Running - Remaining Ticks: 1315 - Age: 1
Game Status: Running - Remaining Ticks: 1314 - Age: 1
Game Status: Running - Remaining Ticks: 1313 - Age: 1
Game Status: Running - Remaining Ticks: 1312 - Age: 1
Game Status: Running - Remaining Ticks: 1311 - Age: 1
Game Status: Running - Remaining Ticks: 1310 - Age: 1
Game Status: Running - Remaining Ticks: 1309 - Age: 1
1 Provinces treated for overpopulation (1 real)

Game Status: Running - Remaining Ticks: 1308 - Age: 1
1 Provinces treated for overpopulation (1 real)

Game Status: Running - Remaining Ticks: 1307 - Age: 1
1 Provinces treated for overpopulation (1 real)

Game Status: Running - Remaining Ticks: 1306 - Age: 1
1 Provinces treated for overpopulation (1 real)

Game Status: Running - Remaining Ticks: 1305 - Age: 1
1 Provinces treated for overpopulation (1 real)

Game Status: Running - Remaining Ticks: 1304 - Age: 1
1 Provinces treated for overpopulation (1 real)

Game Status: Running - Remaining Ticks: 1303 - Age: 1
1 Provinces treated for overpopulation (1 real)

Game Status: Running - Remaining Ticks: 1302 - Age: 1
1 Provinces treated for overpopulation (1 real)

Game Status: Running - Remaining Ticks: 1301 - Age: 1
1 Provinces treated for overpopulation (1 real)

Game Status: Running - Remaining Ticks: 1300 - Age: 1
Game Status: Running - Remaining Ticks: 1299 - Age: 1
Game Status: Running - Remaining Ticks: 1298 - Age: 1
Game Status: Running - Remaining Ticks: 1297 - Age: 1
Game Status: Running - Remaining Ticks: 1296 - Age: 1
Game Status: Running - Remaining Ticks: 1295 - Age: 1
1 Provinces treated for overpopulation (1 real)

Game Status: Running - Remaining Ticks: 1294 - Age: 1
1 Provinces treated for overpopulation (1 real)

Game Status: Running - Remaining Ticks: 1293 - Age: 1
Game Status: Running - Remaining Ticks: 1292 - Age: 1
Game Status: Running - Remaining Ticks: 1291 - Age: 1
Game Status: Running - Remaining Ticks: 1291 - Age: 1
1 Provinces treated for overpopulation (1 real)

Game Status: Running - Remaining Ticks: 1290 - Age: 1
Game Status: Running - Remaining Ticks: 1288 - Age: 1
Game Status: Running - Remaining Ticks: 1287 - Age: 1
Game Status: Running - Remaining Ticks: 1286 - Age: 1
Game Status: Running - Remaining Ticks: 1285 - Age: 1
1 Provinces treated for overpopulation (1 real)

Game Status: Running - Remaining Ticks: 1284 - Age: 1
Game Status: Running - Remaining Ticks: 1283 - Age: 1
Game Status: Running - Remaining Ticks: 1283 - Age: 1
1 Provinces treated for overpopulation (1 real)

Game Status: Running - Remaining Ticks: 1281 - Age: 1
Game Status: Running - Remaining Ticks: 1280 - Age: 1
Game Status: Running - Remaining Ticks: 1279 - Age: 1
Game Status: Running - Remaining Ticks: 1278 - Age: 1
Game Status: Running - Remaining Ticks: 1277 - Age: 1
1 Provinces treated for overpopulation (1 real)

Game Status: Running - Remaining Ticks: 1277 - Age: 1
Game Status: Running - Remaining Ticks: 1275 - Age: 1
Game Status: Running - Remaining Ticks: 1274 - Age: 1
Game Status: Running - Remaining Ticks: 1273 - Age: 1
1 Provinces treated for overpopulation (0 real)

Game Status: Running - Remaining Ticks: 1272 - Age: 1
Game Status: Running - Remaining Ticks: 1271 - Age: 1
Game Status: Running - Remaining Ticks: 1270 - Age: 1
Game Status: Running - Remaining Ticks: 1270 - Age: 1
Game Status: Running - Remaining Ticks: 1270 - Age: 1
Game Status: Running - Remaining Ticks: 1270 - Age: 1
Game Status: Running - Remaining Ticks: 1270 - Age: 1
Game Status: Running - Remaining Ticks: 1270 - Age: 1
Game Status: Running - Remaining Ticks: 1270 - Age: 1
Game Status: Running - Remaining Ticks: 1270 - Age: 1
Game Status: Running - Remaining Ticks: 1269 - Age: 1
Game Status: Running - Remaining Ticks: 1268 - Age: 1
Game Status: Running - Remaining Ticks: 1268 - Age: 1
Game Status: Running - Remaining Ticks: 1268 - Age: 1
Game Status: Running - Remaining Ticks: 1268 - Age: 1
Game Status: Running - Remaining Ticks: 1269 - Age: 1
Game Status: Running - Remaining Ticks: 1268 - Age: 1
Game Status: Running - Remaining Ticks: 1268 - Age: 1
Game Status: Running - Remaining Ticks: 1268 - Age: 1
Game Status: Running - Remaining Ticks: 1268 - Age: 1
Game Status: Running - Remaining Ticks: 1268 - Age: 1
Game Status: Running - Remaining Ticks: 1268 - Age: 1
1 Provinces treated for overpopulation (0 real)

1 Provinces treated for overpopulation (0 real)

1 Provinces treated for overpopulation (0 real)

Game Status: Running - Remaining Ticks: 1250 - Age: 1
Game Status: Running - Remaining Ticks: 1249 - Age: 1
Game Status: Running - Remaining Ticks: 1248 - Age: 1
Game Status: Running - Remaining Ticks: 1247 - Age: 1
Game Status: Running - Remaining Ticks: 1246 - Age: 1
Game Status: Running - Remaining Ticks: 1245 - Age: 1
Game Status: Running - Remaining Ticks: 1244 - Age: 1
Game Status: Running - Remaining Ticks: 1243 - Age: 1
Game Status: Running - Remaining Ticks: 1242 - Age: 1
Game Status: Running - Remaining Ticks: 1241 - Age: 1
Game Status: Running - Remaining Ticks: 1240 - Age: 1
Game Status: Running - Remaining Ticks: 1239 - Age: 1
Game Status: Running - Remaining Ticks: 1238 - Age: 1
Game Status: Running - Remaining Ticks: 1237 - Age: 1
Game Status: Running - Remaining Ticks: 1236 - Age: 1
Game Status: Running - Remaining Ticks: 1235 - Age: 1
Game Status: Running - Remaining Ticks: 1234 - Age: 1
Game Status: Running - Remaining Ticks: 1233 - Age: 1
Game Status: Running - Remaining Ticks: 1232 - Age: 1
Game Status: Running - Remaining Ticks: 1231 - Age: 1
Game Status: Running - Remaining Ticks: 1230 - Age: 1
Game Status: Running - Remaining Ticks: 1230 - Age: 1
Game Status: Running - Remaining Ticks: 1228 - Age: 1
Game Status: Running - Remaining Ticks: 1227 - Age: 1
Game Status: Running - Remaining Ticks: 1226 - Age: 1
Game Status: Running - Remaining Ticks: 1225 - Age: 1
Game Status: Running - Remaining Ticks: 1224 - Age: 1
Game Status: Running - Remaining Ticks: 1223 - Age: 1
Game Status: Running - Remaining Ticks: 1223 - Age: 1
Game Status: Running - Remaining Ticks: 1222 - Age: 1
Game Status: Running - Remaining Ticks: 1221 - Age: 1
Game Status: Running - Remaining Ticks: 1219 - Age: 1
Game Status: Running - Remaining Ticks: 1218 - Age: 1
Game Status: Running - Remaining Ticks: 1217 - Age: 1
Game Status: Running - Remaining Ticks: 1216 - Age: 1
Game Status: Running - Remaining Ticks: 1215 - Age: 1
Game Status: Running - Remaining Ticks: 1214 - Age: 1
Game Status: Running - Remaining Ticks: 1213 - Age: 1
Game Status: Running - Remaining Ticks: 1212 - Age: 1
Game Status: Running - Remaining Ticks: 1212 - Age: 1
Game Status: Running - Remaining Ticks: 1210 - Age: 1
Game Status: Running - Remaining Ticks: 1209 - Age: 1
Game Status: Running - Remaining Ticks: 1208 - Age: 1
Game Status: Running - Remaining Ticks: 1207 - Age: 1
Game Status: Running - Remaining Ticks: 1206 - Age: 1
Game Status: Running - Remaining Ticks: 1205 - Age: 1
Game Status: Running - Remaining Ticks: 1204 - Age: 1
Game Status: Running - Remaining Ticks: 1203 - Age: 1
Game Status: Running - Remaining Ticks: 1202 - Age: 1
Game Status: Running - Remaining Ticks: 1201 - Age: 1
Game Status: Running - Remaining Ticks: 1200 - Age: 1
Game Status: Running - Remaining Ticks: 1199 - Age: 1
Game Status: Running - Remaining Ticks: 1198 - Age: 1
Game Status: Running - Remaining Ticks: 1197 - Age: 1
Game Status: Running - Remaining Ticks: 1196 - Age: 1
Game Status: Running - Remaining Ticks: 1195 - Age: 1
Game Status: Running - Remaining Ticks: 1194 - Age: 1
Game Status: Running - Remaining Ticks: 1193 - Age: 1
Game Status: Running - Remaining Ticks: 1192 - Age: 1
Game Status: Running - Remaining Ticks: 1191 - Age: 1
Game Status: Running - Remaining Ticks: 1190 - Age: 1
Game Status: Running - Remaining Ticks: 1189 - Age: 1
Game Status: Running - Remaining Ticks: 1188 - Age: 1
Game Status: Running - Remaining Ticks: 1187 - Age: 1
Game Status: Running - Remaining Ticks: 1186 - Age: 1
Game Status: Running - Remaining Ticks: 1186 - Age: 1
Game Status: Running - Remaining Ticks: 1184 - Age: 1
Game Status: Running - Remaining Ticks: 1183 - Age: 1
Game Status: Running - Remaining Ticks: 1182 - Age: 1
Game Status: Running - Remaining Ticks: 1181 - Age: 1
Game Status: Running - Remaining Ticks: 1181 - Age: 1
Game Status: Running - Remaining Ticks: 1181 - Age: 1
Game Status: Running - Remaining Ticks: 1181 - Age: 1
Game Status: Running - Remaining Ticks: 1178 - Age: 1
Game Status: Running - Remaining Ticks: 1176 - Age: 1
Game Status: Running - Remaining Ticks: 1175 - Age: 1
Game Status: Running - Remaining Ticks: 1174 - Age: 1
Game Status: Running - Remaining Ticks: 1174 - Age: 1
Game Status: Running - Remaining Ticks: 1174 - Age: 1
Game Status: Running - Remaining Ticks: 1171 - Age: 1
Game Status: Running - Remaining Ticks: 1170 - Age: 1
Game Status: Running - Remaining Ticks: 1169 - Age: 1
Game Status: Running - Remaining Ticks: 1168 - Age: 1
Game Status: Running - Remaining Ticks: 1167 - Age: 1
Game Status: Running - Remaining Ticks: 1166 - Age: 1
Game Status: Running - Remaining Ticks: 1165 - Age: 1
Game Status: Running - Remaining Ticks: 1164 - Age: 1
Game Status: Running - Remaining Ticks: 1163 - Age: 1
Game Status: Running - Remaining Ticks: 1162 - Age: 1
Game Status: Running - Remaining Ticks: 1161 - Age: 1
Game Status: Running - Remaining Ticks: 1160 - Age: 1
Game Status: Running - Remaining Ticks: 1159 - Age: 1
Game Status: Running - Remaining Ticks: 1158 - Age: 1
Game Status: Running - Remaining Ticks: 1157 - Age: 1
Game Status: Running - Remaining Ticks: 1156 - Age: 1
Game Status: Running - Remaining Ticks: 1155 - Age: 1
Game Status: Running - Remaining Ticks: 1154 - Age: 1
Game Status: Running - Remaining Ticks: 1153 - Age: 1
Game Status: Running - Remaining Ticks: 1152 - Age: 1
Game Status: Running - Remaining Ticks: 1151 - Age: 1
Game Status: Running - Remaining Ticks: 1150 - Age: 1
Game Status: Running - Remaining Ticks: 1149 - Age: 1
Game Status: Running - Remaining Ticks: 1148 - Age: 1
Game Status: Running - Remaining Ticks: 1147 - Age: 1
Game Status: Running - Remaining Ticks: 1146 - Age: 1
Game Status: Running - Remaining Ticks: 1145 - Age: 1
Game Status: Running - Remaining Ticks: 1144 - Age: 1
Game Status: Running - Remaining Ticks: 1143 - Age: 1
Game Status: Running - Remaining Ticks: 1142 - Age: 1
Game Status: Running - Remaining Ticks: 1141 - Age: 1
Game Status: Running - Remaining Ticks: 1140 - Age: 1
Game Status: Running - Remaining Ticks: 1139 - Age: 1
Game Status: Running - Remaining Ticks: 1138 - Age: 1
Game Status: Running - Remaining Ticks: 1137 - Age: 1
Game Status: Running - Remaining Ticks: 1136 - Age: 1
Game Status: Running - Remaining Ticks: 1135 - Age: 1
Game Status: Running - Remaining Ticks: 1134 - Age: 1
Game Status: Running - Remaining Ticks: 1133 - Age: 1
Game Status: Running - Remaining Ticks: 1132 - Age: 1
Game Status: Running - Remaining Ticks: 1131 - Age: 1
Game Status: Running - Remaining Ticks: 1130 - Age: 1
Game Status: Running - Remaining Ticks: 1130 - Age: 1
Game Status: Running - Remaining Ticks: 1128 - Age: 1
Game Status: Running - Remaining Ticks: 1127 - Age: 1
Game Status: Running - Remaining Ticks: 1126 - Age: 1
Game Status: Running - Remaining Ticks: 1126 - Age: 1
Game Status: Running - Remaining Ticks: 1124 - Age: 1
Game Status: Running - Remaining Ticks: 1123 - Age: 1
Game Status: Running - Remaining Ticks: 1122 - Age: 1
Game Status: Running - Remaining Ticks: 1121 - Age: 1
Game Status: Running - Remaining Ticks: 1120 - Age: 1
Game Status: Running - Remaining Ticks: 1119 - Age: 1
Game Status: Running - Remaining Ticks: 1118 - Age: 1
Game Status: Running - Remaining Ticks: 1117 - Age: 1
Game Status: Running - Remaining Ticks: 1116 - Age: 1
Game Status: Running - Remaining Ticks: 1115 - Age: 1
Game Status: Running - Remaining Ticks: 1114 - Age: 1
Game Status: Running - Remaining Ticks: 1113 - Age: 1
Game Status: Running - Remaining Ticks: 1112 - Age: 1
Game Status: Running - Remaining Ticks: 1111 - Age: 1
Game Status: Running - Remaining Ticks: 1110 - Age: 1
Game Status: Running - Remaining Ticks: 1109 - Age: 1
Game Status: Running - Remaining Ticks: 1108 - Age: 1
Game Status: Running - Remaining Ticks: 1107 - Age: 1
Game Status: Running - Remaining Ticks: 1106 - Age: 1
Game Status: Running - Remaining Ticks: 1105 - Age: 1
Game Status: Running - Remaining Ticks: 1104 - Age: 1
Game Status: Running - Remaining Ticks: 1104 - Age: 1
Game Status: Running - Remaining Ticks: 1104 - Age: 1
Game Status: Running - Remaining Ticks: 1101 - Age: 1
Game Status: Running - Remaining Ticks: 1100 - Age: 1
Game Status: Running - Remaining Ticks: 1099 - Age: 1
Game Status: Running - Remaining Ticks: 1098 - Age: 1
Game Status: Running - Remaining Ticks: 1097 - Age: 1
Game Status: Running - Remaining Ticks: 1096 - Age: 1
Game Status: Running - Remaining Ticks: 1095 - Age: 1
Game Status: Running - Remaining Ticks: 1094 - Age: 1
Game Status: Running - Remaining Ticks: 1093 - Age: 1
Game Status: Running - Remaining Ticks: 1092 - Age: 1
Game Status: Running - Remaining Ticks: 1091 - Age: 1
Game Status: Running - Remaining Ticks: 1090 - Age: 1
Game Status: Running - Remaining Ticks: 1089 - Age: 1
Game Status: Running - Remaining Ticks: 1088 - Age: 1
Game Status: Running - Remaining Ticks: 1087 - Age: 1
Game Status: Running - Remaining Ticks: 1086 - Age: 1
Game Status: Running - Remaining Ticks: 1085 - Age: 1
Game Status: Running - Remaining Ticks: 1084 - Age: 1
Game Status: Running - Remaining Ticks: 1083 - Age: 1
Game Status: Running - Remaining Ticks: 1082 - Age: 1
Game Status: Running - Remaining Ticks: 1081 - Age: 1
Game Status: Running - Remaining Ticks: 1081 - Age: 1
Game Status: Running - Remaining Ticks: 1079 - Age: 1
Game Status: Running - Remaining Ticks: 1078 - Age: 1
Game Status: Running - Remaining Ticks: 1077 - Age: 1
Game Status: Running - Remaining Ticks: 1076 - Age: 1
Game Status: Running - Remaining Ticks: 1075 - Age: 1
Game Status: Running - Remaining Ticks: 1074 - Age: 1
Game Status: Running - Remaining Ticks: 1073 - Age: 1
Game Status: Running - Remaining Ticks: 1072 - Age: 1
Game Status: Running - Remaining Ticks: 1071 - Age: 1
Game Status: Running - Remaining Ticks: 1070 - Age: 1
Game Status: Running - Remaining Ticks: 1069 - Age: 1
Game Status: Running - Remaining Ticks: 1068 - Age: 1
Game Status: Running - Remaining Ticks: 1068 - Age: 1
Game Status: Running - Remaining Ticks: 1066 - Age: 1
Game Status: Running - Remaining Ticks: 1065 - Age: 1
Game Status: Running - Remaining Ticks: 1065 - Age: 1
Game Status: Running - Remaining Ticks: 1063 - Age: 1
Game Status: Running - Remaining Ticks: 1062 - Age: 1
Game Status: Running - Remaining Ticks: 1061 - Age: 1
Game Status: Running - Remaining Ticks: 1061 - Age: 1
Game Status: Running - Remaining Ticks: 1061 - Age: 1
Game Status: Running - Remaining Ticks: 1061 - Age: 1
Game Status: Running - Remaining Ticks: 1057 - Age: 1
Game Status: Running - Remaining Ticks: 1056 - Age: 1
Game Status: Running - Remaining Ticks: 1055 - Age: 1
Game Status: Running - Remaining Ticks: 1054 - Age: 1
Game Status: Running - Remaining Ticks: 1053 - Age: 1
Game Status: Running - Remaining Ticks: 1052 - Age: 1
Game Status: Running - Remaining Ticks: 1051 - Age: 1
Game Status: Running - Remaining Ticks: 1050 - Age: 1
Game Status: Running - Remaining Ticks: 1049 - Age: 1
Game Status: Running - Remaining Ticks: 1048 - Age: 1
Game Status: Running - Remaining Ticks: 1048 - Age: 1
Game Status: Running - Remaining Ticks: 1046 - Age: 1
Game Status: Running - Remaining Ticks: 1045 - Age: 1
Game Status: Running - Remaining Ticks: 1044 - Age: 1
Game Status: Running - Remaining Ticks: 1044 - Age: 1
Game Status: Running - Remaining Ticks: 1042 - Age: 1
Game Status: Running - Remaining Ticks: 1041 - Age: 1
Game Status: Running - Remaining Ticks: 1040 - Age: 1
Game Status: Running - Remaining Ticks: 1039 - Age: 1
Game Status: Running - Remaining Ticks: 1039 - Age: 1
Game Status: Running - Remaining Ticks: 1039 - Age: 1
Game Status: Running - Remaining Ticks: 1037 - Age: 1
Game Status: Running - Remaining Ticks: 1038 - Age: 1
Game Status: Running - Remaining Ticks: 1034 - Age: 1
Game Status: Running - Remaining Ticks: 1034 - Age: 1
Game Status: Running - Remaining Ticks: 1032 - Age: 1
Game Status: Running - Remaining Ticks: 1031 - Age: 1
Game Status: Running - Remaining Ticks: 1031 - Age: 1
Game Status: Running - Remaining Ticks: 1029 - Age: 1
Game Status: Running - Remaining Ticks: 1028 - Age: 1
Game Status: Running - Remaining Ticks: 1027 - Age: 1
Game Status: Running - Remaining Ticks: 1026 - Age: 1
Game Status: Running - Remaining Ticks: 1026 - Age: 1
Game Status: Running - Remaining Ticks: 1026 - Age: 1
Game Status: Running - Remaining Ticks: 1023 - Age: 1
Game Status: Running - Remaining Ticks: 1022 - Age: 1
Game Status: Running - Remaining Ticks: 1021 - Age: 1
Game Status: Running - Remaining Ticks: 1020 - Age: 1
Game Status: Running - Remaining Ticks: 1019 - Age: 1
Game Status: Running - Remaining Ticks: 1019 - Age: 1
Game Status: Running - Remaining Ticks: 1019 - Age: 1
Game Status: Running - Remaining Ticks: 1018 - Age: 1
Game Status: Running - Remaining Ticks: 1016 - Age: 1
Game Status: Running - Remaining Ticks: 1014 - Age: 1
Game Status: Running - Remaining Ticks: 1013 - Age: 1
Game Status: Running - Remaining Ticks: 1012 - Age: 1
Game Status: Running - Remaining Ticks: 1011 - Age: 1
Game Status: Running - Remaining Ticks: 1010 - Age: 1
Game Status: Running - Remaining Ticks: 1010 - Age: 1
Game Status: Running - Remaining Ticks: 1010 - Age: 1
Game Status: Running - Remaining Ticks: 1010 - Age: 1
Game Status: Running - Remaining Ticks: 1010 - Age: 1
Game Status: Running - Remaining Ticks: 1009 - Age: 1
Game Status: Running - Remaining Ticks: 1010 - Age: 1
Game Status: Running - Remaining Ticks: 1009 - Age: 1
Game Status: Running - Remaining Ticks: 1005 - Age: 1
Game Status: Running - Remaining Ticks: 1003 - Age: 1
Game Status: Running - Remaining Ticks: 1001 - Age: 1
Game Status: Running - Remaining Ticks: 1001 - Age: 1
Game Status: Running - Remaining Ticks: 1000 - Age: 1
Game Status: Running - Remaining Ticks: 999 - Age: 1
Game Status: Running - Remaining Ticks: 998 - Age: 1
Game Status: Running - Remaining Ticks: 996 - Age: 1
Game Status: Running - Remaining Ticks: 995 - Age: 1
Game Status: Running - Remaining Ticks: 993 - Age: 1
Game Status: Running - Remaining Ticks: 993 - Age: 1
1 Provinces treated for overpopulation (1 real)

Game Status: Running - Remaining Ticks: 992 - Age: 1
Game Status: Running - Remaining Ticks: 991 - Age: 1
1 Provinces treated for overpopulation (1 real)

1 Provinces treated for overpopulation (1 real)

Game Status: Running - Remaining Ticks: 990 - Age: 1
1 Provinces treated for overpopulation (1 real)

Game Status: Running - Remaining Ticks: 988 - Age: 1
1 Provinces treated for overpopulation (1 real)

Game Status: Running - Remaining Ticks: 987 - Age: 1
1 Provinces treated for overpopulation (1 real)

Game Status: Running - Remaining Ticks: 986 - Age: 1
1 Provinces treated for overpopulation (1 real)

Game Status: Running - Remaining Ticks: 985 - Age: 1
1 Provinces treated for overpopulation (1 real)

Game Status: Running - Remaining Ticks: 984 - Age: 1
1 Provinces treated for overpopulation (1 real)

Game Status: Running - Remaining Ticks: 983 - Age: 1
Game Status: Running - Remaining Ticks: 983 - Age: 1
Game Status: Running - Remaining Ticks: 983 - Age: 1
Game Status: Running - Remaining Ticks: 983 - Age: 1
1 Provinces treated for overpopulation (1 real)

Game Status: Running - Remaining Ticks: 979 - Age: 1
Game Status: Running - Remaining Ticks: 978 - Age: 1
Game Status: Running - Remaining Ticks: 977 - Age: 1
Game Status: Running - Remaining Ticks: 976 - Age: 1
Game Status: Running - Remaining Ticks: 976 - Age: 1
Game Status: Running - Remaining Ticks: 976 - Age: 1
1 Provinces treated for overpopulation (1 real)

Game Status: Running - Remaining Ticks: 973 - Age: 1
1 Provinces treated for overpopulation (1 real)

Game Status: Running - Remaining Ticks: 972 - Age: 1
1 Provinces treated for overpopulation (1 real)

Game Status: Running - Remaining Ticks: 971 - Age: 1
1 Provinces treated for overpopulation (1 real)

Game Status: Running - Remaining Ticks: 971 - Age: 1
2 Provinces treated for overpopulation (2 real)

Game Status: Running - Remaining Ticks: 970 - Age: 1
2 Provinces treated for overpopulation (2 real)

Game Status: Running - Remaining Ticks: 969 - Age: 1
Game Status: Running - Remaining Ticks: 968 - Age: 1
2 Provinces treated for overpopulation (2 real)

1 Provinces treated for overpopulation (1 real)

Game Status: Running - Remaining Ticks: 967 - Age: 1
1 Provinces treated for overpopulation (1 real)

Game Status: Running - Remaining Ticks: 965 - Age: 1
1 Provinces treated for overpopulation (1 real)

Game Status: Running - Remaining Ticks: 965 - Age: 1
1 Provinces treated for overpopulation (1 real)

Game Status: Running - Remaining Ticks: 964 - Age: 1
1 Provinces treated for overpopulation (1 real)

Game Status: Running - Remaining Ticks: 963 - Age: 1
Game Status: Running - Remaining Ticks: 961 - Age: 1
Game Status: Running - Remaining Ticks: 960 - Age: 1
Game Status: Running - Remaining Ticks: 959 - Age: 1
Game Status: Running - Remaining Ticks: 958 - Age: 1
Game Status: Running - Remaining Ticks: 957 - Age: 1
Game Status: Running - Remaining Ticks: 957 - Age: 1
1 Provinces treated for overpopulation (1 real)

Game Status: Running - Remaining Ticks: 957 - Age: 1
Game Status: Running - Remaining Ticks: 956 - Age: 1
Game Status: Running - Remaining Ticks: 953 - Age: 1
Game Status: Running - Remaining Ticks: 952 - Age: 1
Game Status: Running - Remaining Ticks: 951 - Age: 1
Game Status: Running - Remaining Ticks: 950 - Age: 1
Game Status: Running - Remaining Ticks: 949 - Age: 1
Game Status: Running - Remaining Ticks: 948 - Age: 1
Game Status: Running - Remaining Ticks: 947 - Age: 1
Game Status: Running - Remaining Ticks: 946 - Age: 1
Game Status: Running - Remaining Ticks: 1017 - Age: 5
Game Status: Running - Remaining Ticks: 1016 - Age: 5
Game Status: Running - Remaining Ticks: 1015 - Age: 5
Game Status: Running - Remaining Ticks: 1014 - Age: 5
Game Status: Running - Remaining Ticks: 1013 - Age: 5
Game Status: Running - Remaining Ticks: 1012 - Age: 5
Game Status: Running - Remaining Ticks: 1011 - Age: 5
Game Status: Running - Remaining Ticks: 1010 - Age: 5
Game Status: Running - Remaining Ticks: 1009 - Age: 5
Game Status: Running - Remaining Ticks: 1008 - Age: 5
Game Status: Running - Remaining Ticks: 1007 - Age: 5
Game Status: Running - Remaining Ticks: 1006 - Age: 5
Game Status: Running - Remaining Ticks: 1005 - Age: 5
Game Status: Running - Remaining Ticks: 1004 - Age: 5
Game Status: Running - Remaining Ticks: 1003 - Age: 5
Game Status: Running - Remaining Ticks: 1002 - Age: 5
Game Status: Running - Remaining Ticks: 1001 - Age: 5
Game Status: Running - Remaining Ticks: 1000 - Age: 5
Game Status: Running - Remaining Ticks: 999 - Age: 5
Game Status: Running - Remaining Ticks: 998 - Age: 5
Game Status: Running - Remaining Ticks: 997 - Age: 5
Game Status: Running - Remaining Ticks: 996 - Age: 5
Game Status: Running - Remaining Ticks: 995 - Age: 5
Game Status: Running - Remaining Ticks: 994 - Age: 5
Game Status: Running - Remaining Ticks: 993 - Age: 5
Game Status: Running - Remaining Ticks: 992 - Age: 5
Game Status: Running - Remaining Ticks: 991 - Age: 5
Game Status: Running - Remaining Ticks: 990 - Age: 5
Game Status: Running - Remaining Ticks: 989 - Age: 5
Game Status: Running - Remaining Ticks: 988 - Age: 5
Game Status: Running - Remaining Ticks: 987 - Age: 5
Game Status: Running - Remaining Ticks: 986 - Age: 5
Game Status: Running - Remaining Ticks: 985 - Age: 5
Game Status: Running - Remaining Ticks: 984 - Age: 5
Game Status: Running - Remaining Ticks: 983 - Age: 5
Game Status: Running - Remaining Ticks: 982 - Age: 5
Game Status: Running - Remaining Ticks: 981 - Age: 5
Game Status: Running - Remaining Ticks: 980 - Age: 5
Game Status: Running - Remaining Ticks: 979 - Age: 5
Game Status: Running - Remaining Ticks: 978 - Age: 5
Game Status: Running - Remaining Ticks: 977 - Age: 5
Game Status: Running - Remaining Ticks: 976 - Age: 5
Game Status: Running - Remaining Ticks: 975 - Age: 5
Game Status: Running - Remaining Ticks: 974 - Age: 5
Game Status: Running - Remaining Ticks: 973 - Age: 5
Game Status: Running - Remaining Ticks: 972 - Age: 5
Game Status: Running - Remaining Ticks: 971 - Age: 5
Game Status: Running - Remaining Ticks: 970 - Age: 5
Game Status: Running - Remaining Ticks: 969 - Age: 5
Game Status: Running - Remaining Ticks: 968 - Age: 5
Game Status: Running - Remaining Ticks: 967 - Age: 5
Game Status: Running - Remaining Ticks: 966 - Age: 5
Game Status: Running - Remaining Ticks: 965 - Age: 5
Game Status: Running - Remaining Ticks: 964 - Age: 5
Game Status: Running - Remaining Ticks: 963 - Age: 5
Game Status: Running - Remaining Ticks: 962 - Age: 5
Game Status: Running - Remaining Ticks: 961 - Age: 5
Game Status: Running - Remaining Ticks: 960 - Age: 5
Game Status: Running - Remaining Ticks: 959 - Age: 5
Game Status: Running - Remaining Ticks: 958 - Age: 5
Game Status: Running - Remaining Ticks: 957 - Age: 5
Game Status: Running - Remaining Ticks: 956 - Age: 5
Game Status: Running - Remaining Ticks: 955 - Age: 5
Game Status: Running - Remaining Ticks: 954 - Age: 5
Game Status: Running - Remaining Ticks: 953 - Age: 5
Game Status: Running - Remaining Ticks: 952 - Age: 5